{"tmp/dust-full.min.js":{"path":"tmp/dust-full.min.js","s":{"1":1,"2":2,"3":2,"4":1,"5":1,"6":1,"7":1212,"8":1,"9":1113,"10":1,"11":171,"12":1,"13":318,"14":1,"15":540,"16":1,"17":15,"18":1,"19":1,"20":1,"21":2433,"22":15,"23":15,"24":0,"25":483,"26":159,"27":159,"28":159,"29":2,"30":318,"31":318,"32":318,"33":318,"34":4,"35":0,"36":0,"37":0,"38":0,"39":0,"40":0,"41":582,"42":582,"43":0,"44":0,"45":483,"46":0,"47":1,"48":0,"49":849,"50":738,"51":27,"52":36,"53":36,"54":735,"55":711,"56":6,"57":3,"58":3,"59":120,"60":477,"61":0,"62":1284,"63":1284,"64":96,"65":1188,"66":66,"67":1122,"68":525,"69":1122,"70":1188,"71":240,"72":1284,"73":117,"74":117,"75":117,"76":1167,"77":0,"78":498,"79":27,"80":120,"81":63,"82":21,"83":21,"84":63,"85":63,"86":27,"87":36,"88":36,"89":36,"90":99,"91":99,"92":2085,"93":174,"94":184,"95":5,"96":179,"97":169,"98":324,"99":344,"100":10,"101":334,"102":314,"103":648,"104":0,"105":648,"106":648,"107":0,"108":648,"109":324,"110":324,"111":324,"112":648,"113":0,"114":1431,"115":318,"116":334,"117":334,"118":0,"119":314,"120":314,"121":0,"122":0,"123":1719,"124":1719,"125":498,"126":15,"127":15,"128":15,"129":15,"130":15,"131":24,"132":825,"133":321,"134":60,"135":261,"136":261,"137":108,"138":108,"139":108,"140":96,"141":96,"142":222,"143":96,"144":12,"145":6,"146":153,"147":6,"148":6,"149":147,"150":108,"151":108,"152":39,"153":15,"154":30,"155":42,"156":42,"157":27,"158":24,"159":15,"160":15,"161":3,"162":18,"163":18,"164":12,"165":12,"166":6,"167":3,"168":3,"169":63,"170":63,"171":105,"172":105,"173":105,"174":105,"175":12,"176":3,"177":3,"178":3,"179":3,"180":12,"181":12,"182":12,"183":12,"184":0,"185":0,"186":18,"187":18,"188":18,"189":1,"190":1,"191":711,"192":1,"193":1,"194":6,"195":1,"196":1,"197":483,"198":483,"199":1,"200":3171,"201":3171,"202":7032,"203":3171,"204":1,"205":1050,"206":1050,"207":3894,"208":1050,"209":1,"210":78,"211":1,"212":2847,"213":1,"214":1,"215":483,"216":483,"217":1,"218":483,"219":483,"220":51,"221":483,"222":1,"223":483,"224":483,"225":1044,"226":483,"227":1,"228":1050,"229":1050,"230":1647,"231":1050,"232":1,"233":345,"234":1,"235":528,"236":528,"237":483,"238":45,"239":33,"240":12,"241":11409,"242":6,"243":6,"244":1,"245":1,"246":6744,"247":1044,"248":1044,"249":621,"250":0,"251":489,"252":291,"253":36,"254":18,"255":51,"256":51,"257":51,"258":51,"259":0,"260":39,"261":3,"262":6,"263":6,"264":0,"265":6,"266":6,"267":6,"268":0,"269":6,"270":93,"271":480,"272":480,"273":150,"274":480,"275":369,"276":438,"277":369,"278":588,"279":489,"280":39,"281":39,"282":489,"283":708,"284":189,"285":300,"286":189,"287":750,"288":1,"289":0,"290":1,"291":1,"292":1,"293":1,"294":12,"295":1,"296":1,"297":304647,"298":304647,"299":1218588,"300":304647,"301":1,"302":44241,"303":44277,"304":44277,"305":44241,"306":1,"307":4971,"308":1,"309":1074,"310":1074,"311":1932,"312":1038,"313":1038,"314":1,"315":3006,"316":3006,"317":1,"318":2997,"319":2997,"320":471,"321":18,"322":471,"323":441,"324":33,"325":408,"326":2526,"327":2961,"328":408,"329":2553,"330":27,"331":15,"332":27,"333":2526,"334":2553,"335":24,"336":2961,"337":1,"338":5550,"339":5550,"340":2838,"341":582,"342":9,"343":582,"344":2256,"345":2712,"346":5550,"347":498,"348":1,"349":441,"350":441,"351":432,"352":408,"353":3,"354":408,"355":408,"356":408,"357":3,"358":408,"359":0,"360":0,"361":24,"362":9,"363":441,"364":408,"365":1,"366":609,"367":609,"368":30,"369":609,"370":1,"371":609,"372":609,"373":120,"374":123,"375":489,"376":609,"377":192,"378":114,"379":129,"380":78,"381":192,"382":81,"383":609,"384":609,"385":1,"386":441,"387":441,"388":102,"389":0,"390":441,"391":441,"392":1,"393":8040,"394":8040,"395":783,"396":1,"397":2529,"398":2529,"399":1173,"400":111,"401":0,"402":111,"403":111,"404":69,"405":111,"406":111,"407":111,"408":9,"409":111,"410":0,"411":0,"412":0,"413":0,"414":1062,"415":1356,"416":2529,"417":111,"418":111,"419":1,"420":783,"421":783,"422":45,"423":12,"424":783,"425":783,"426":1,"427":2589,"428":2589,"429":102,"430":1,"431":2556,"432":2556,"433":276,"434":276,"435":1488,"436":1488,"437":1,"438":192,"439":192,"440":15,"441":1,"442":192,"443":192,"444":15,"445":6,"446":6,"447":6,"448":0,"449":6,"450":9,"451":177,"452":192,"453":6,"454":1,"455":390,"456":390,"457":30,"458":78,"459":360,"460":390,"461":30,"462":1,"463":2556,"464":2556,"465":2556,"466":171,"467":171,"468":2385,"469":2556,"470":0,"471":2556,"472":171,"473":2385,"474":105,"475":9,"476":105,"477":2280,"478":2385,"479":105,"480":2556,"481":1,"482":5769,"483":5769,"484":3861,"485":14547,"486":3861,"487":1908,"488":5769,"489":3861,"490":1,"491":2862,"492":2862,"493":51,"494":33,"495":33,"496":18,"497":51,"498":33,"499":2811,"500":2862,"501":51,"502":51,"503":1,"504":2892,"505":2892,"506":174,"507":174,"508":234,"509":60,"510":2718,"511":2892,"512":174,"513":1,"514":192,"515":192,"516":0,"517":120,"518":72,"519":72,"520":72,"521":99,"522":0,"523":72,"524":0,"525":72,"526":72,"527":192,"528":1,"529":171,"530":171,"531":15,"532":1,"533":1905,"534":1905,"535":216,"536":36,"537":216,"538":1689,"539":1905,"540":216,"541":1689,"542":651,"543":651,"544":3777,"545":3126,"546":1038,"547":1689,"548":651,"549":1905,"550":1,"551":279,"552":279,"553":138,"554":138,"555":672,"556":534,"557":141,"558":279,"559":138,"560":1,"561":864,"562":864,"563":0,"564":1,"565":7407,"566":7407,"567":12,"568":147,"569":135,"570":12,"571":7395,"572":7407,"573":12,"574":1,"575":6417,"576":6417,"577":1161,"578":15,"579":1161,"580":1161,"581":864,"582":18,"583":864,"584":864,"585":864,"586":4326,"587":0,"588":864,"589":864,"590":0,"591":864,"592":0,"593":0,"594":297,"595":0,"596":5256,"597":6417,"598":1,"599":26109,"600":26109,"601":1,"602":8058,"603":8058,"604":1,"605":2862,"606":2862,"607":1,"608":51,"609":51,"610":1,"611":16665,"612":16665,"613":1,"614":6402,"615":6402,"616":1,"617":12,"618":12,"619":72,"620":12,"621":528,"622":528,"623":0,"624":0,"625":528,"626":528,"627":495,"628":12,"629":12,"630":483,"631":0,"632":1,"633":1,"634":12,"635":12,"636":0,"637":0,"638":0,"639":0,"640":12,"641":12,"642":12,"643":1},"b":{"1":[1113,966],"2":[1,0],"3":[1,0],"4":[1,1,1,1],"5":[0,0,0,0],"6":[2433,96],"7":[2433,117,117],"8":[117,1],"9":[117,0],"10":[15,0],"11":[15,0],"12":[483,483],"13":[0,0],"14":[0,0],"15":[582,0],"16":[0,0],"17":[0,0],"18":[0,0],"19":[1,0],"20":[0,1],"21":[6,843],"22":[849,12],"23":[45,798],"24":[27,711],"25":[21,15],"26":[12,3],"27":[735,711],"28":[3,0],"29":[3,0],"30":[9,468],"31":[0,0],"32":[0,0],"33":[96,1188],"34":[1284,162],"35":[66,1122],"36":[1647,1563,1404],"37":[1038,84],"38":[84,0],"39":[1428,1251],"40":[117,1167],"41":[1167,96],"42":[21,42],"43":[27,36],"44":[36,0],"45":[99,0],"46":[63,36],"47":[5,179],"48":[0,5],"49":[10,334],"50":[0,10],"51":[0,648],"52":[0,648],"53":[324,324],"54":[324,0],"55":[1431,318],"56":[477,954],"57":[477,0],"58":[954,0],"59":[1719,18],"60":[498,3],"61":[0,15],"62":[36,789],"63":[825,48],"64":[51,738],"65":[60,261],"66":[321,69],"67":[108,153],"68":[261,12],"69":[108,0],"70":[96,12],"71":[96,96],"72":[222,222],"73":[96,96],"74":[6,6],"75":[6,147],"76":[6,0],"77":[108,39],"78":[147,45],"79":[108,0],"80":[15,24],"81":[27,15],"82":[24,3],"83":[15,0],"84":[12,6],"85":[12,0],"86":[3,3],"87":[63,36],"88":[54,9],"89":[105,105,15],"90":[105,33],"91":[105,93],"92":[12,93],"93":[12,12],"94":[0,3],"95":[0,12],"96":[468,243],"97":[6,462],"98":[6,0],"99":[1,0],"100":[0,0],"101":[7032,4980],"102":[3894,1683],"103":[657,1026],"104":[36,621],"105":[483,0],"106":[36,447],"107":[33,12],"108":[45,45],"109":[6,0],"110":[3,3],"111":[51,0],"112":[18,21],"113":[39,18],"114":[0,6],"115":[6,0],"116":[24,456],"117":[84,396],"118":[27,462],"119":[12,288],"120":[0,1],"121":[0,1],"122":[312,43965],"123":[312,312],"124":[0,43965],"125":[43965,43965,43965],"126":[4971,4971],"127":[4971,777],"128":[1038,1038],"129":[1038,0],"130":[3006,2997],"131":[2961,2529],"132":[2529,2418],"133":[2418,2316],"134":[2316,1905],"135":[471,2526],"136":[471,0],"137":[444,27],"138":[441,0],"139":[441,0],"140":[408,33],"141":[441,0],"142":[408,0],"143":[33,408],"144":[441,408],"145":[408,0],"146":[2553,408],"147":[2961,408],"148":[2961,2553],"149":[27,2526],"150":[27,0],"151":[27,0],"152":[0,0],"153":[27,0],"154":[24,3],"155":[2553,24],"156":[2553,2529],"157":[2961,1269,909],"158":[2838,2712],"159":[582,2256],"160":[582,2256],"161":[2256,0],"162":[582,0],"163":[498,84],"164":[498,0],"165":[498,0],"166":[5550,498],"167":[5550,5052],"168":[432,9],"169":[408,24],"170":[408,24],"171":[24,0],"172":[408,0],"173":[408,0],"174":[408,0],"175":[408,0],"176":[441,408],"177":[441,33],"178":[441,0,0],"179":[30,579],"180":[579,0],"181":[30,579],"182":[30,0],"183":[609,30],"184":[609,579],"185":[30,579],"186":[609,609],"187":[30,579],"188":[609,0],"189":[120,489],"190":[114,78],"191":[114,78],"192":[81,33],"193":[81,0],"194":[0,0],"195":[81,0],"196":[81,78],"197":[78,78],"198":[81,0],"199":[192,81],"200":[192,111],"201":[609,609],"202":[609,0],"203":[609,0,0],"204":[99,3],"205":[0,99],"206":[99,0],"207":[0,99],"208":[0,0],"209":[0,0],"210":[0,0],"211":[102,0],"212":[102,102],"213":[441,441],"214":[441,0],"215":[441,0,0],"216":[1341,6699],"217":[783,558],"218":[783,0],"219":[783,0],"220":[8040,783],"221":[8040,7257],"222":[8040,789,660],"223":[1173,1356],"224":[111,1062],"225":[93,1080],"226":[1080,0],"227":[1173,1080],"228":[18,1062],"229":[1062,0],"230":[111,0],"231":[111,0],"232":[111,69],"233":[111,42],"234":[111,42],"235":[111,0],"236":[111,0],"237":[111,0],"238":[111,0],"239":[0,0],"240":[111,0],"241":[111,0],"242":[2529,111],"243":[93,18],"244":[2529,2418],"245":[2529,909,816],"246":[12,33],"247":[33,0],"248":[12,33],"249":[12,0],"250":[45,12],"251":[45,33],"252":[783,783],"253":[783,0],"254":[783,0,0],"255":[1146,1443],"256":[102,1044],"257":[1044,0],"258":[102,1044],"259":[102,0],"260":[102,0],"261":[2589,102],"262":[2589,2487],"263":[2589,816,789],"264":[2556,276],"265":[2556,2280],"266":[2556,2280],"267":[2280,1488],"268":[2280,792],"269":[2556,0,0],"270":[192,186],"271":[192,15],"272":[192,177],"273":[192,0,0],"274":[15,177],"275":[6,9],"276":[6,9],"277":[9,0],"278":[6,0],"279":[6,0],"280":[192,6],"281":[192,186],"282":[192,0,0],"283":[30,360],"284":[30,360],"285":[360,0],"286":[48,30],"287":[30,0],"288":[390,30],"289":[390,360],"290":[390,0,0],"291":[2556,0],"292":[1629,927],"293":[171,2385],"294":[2556,2403],"295":[171,171],"296":[171,2385],"297":[2385,171],"298":[2556,171],"299":[141,30],"300":[171,141],"301":[2556,2385],"302":[105,2280],"303":[105,2280],"304":[2280,0],"305":[9,9],"306":[105,0],"307":[2385,105],"308":[9,96],"309":[2385,2280],"310":[2556,0,0],"311":[3861,1908],"312":[3861,1908],"313":[1908,0],"314":[11271,3276],"315":[3276,0],"316":[3861,0],"317":[5769,3861],"318":[5769,1908],"319":[5769,0,0],"320":[51,2811],"321":[33,18],"322":[33,18],"323":[18,0],"324":[0,33],"325":[33,0],"326":[51,33],"327":[51,18],"328":[51,18],"329":[51,0],"330":[51,0],"331":[2862,51],"332":[2862,2811],"333":[51,2811],"334":[21,30],"335":[51,0],"336":[2862,51],"337":[21,30],"338":[2862,2811],"339":[2862,0,0],"340":[174,2718],"341":[279,2613],"342":[2613,0],"343":[279,2613],"344":[174,105],"345":[2892,174],"346":[2892,2718],"347":[60,174],"348":[174,0],"349":[60,174],"350":[60,0],"351":[234,60],"352":[234,174],"353":[174,2718],"354":[24,150],"355":[174,0],"356":[2892,174],"357":[24,150],"358":[2892,2718],"359":[2892,0,0],"360":[72,120],"361":[192,0],"362":[0,0],"363":[192,0],"364":[0,192],"365":[192,0],"366":[0,192],"367":[192,0],"368":[192,192],"369":[192,192],"370":[192,0],"371":[0,0],"372":[192,0],"373":[123,69],"374":[120,3],"375":[3,0],"376":[120,3],"377":[192,120],"378":[192,72],"379":[72,0],"380":[72,0],"381":[0,0],"382":[72,0],"383":[72,0],"384":[72,0],"385":[0,0],"386":[72,0],"387":[72,72],"388":[72,0],"389":[192,0,0],"390":[171,171],"391":[171,87],"392":[87,15],"393":[87,72],"394":[216,1689],"395":[216,0],"396":[1689,216],"397":[1905,216],"398":[1905,1689],"399":[651,1038],"400":[1143,546],"401":[1143,546],"402":[1143,0],"403":[1143,0],"404":[1143,0],"405":[1143,0],"406":[651,492],"407":[492,0],"408":[651,492],"409":[1689,651],"410":[1689,1038],"411":[3258,519],"412":[3258,519],"413":[3255,3],"414":[3255,3],"415":[3186,69],"416":[3186,69],"417":[3126,60],"418":[60,0],"419":[3126,60],"420":[3777,3126],"421":[3777,651],"422":[1689,651],"423":[1689,1038],"424":[1905,660,495],"425":[138,141],"426":[210,69],"427":[210,69],"428":[210,210],"429":[138,72],"430":[72,0],"431":[138,72],"432":[279,138],"433":[279,141],"434":[654,18],"435":[654,18],"436":[654,654],"437":[534,120],"438":[120,0],"439":[534,120],"440":[672,534],"441":[672,138],"442":[279,138],"443":[279,141],"444":[279,0,0],"445":[0,864],"446":[864,0],"447":[864,0],"448":[864,864],"449":[12,7395],"450":[12,7395],"451":[7395,0],"452":[12,135],"453":[135,0],"454":[135,12],"455":[135,12],"456":[135,0],"457":[0,0],"458":[135,0],"459":[147,135],"460":[147,12],"461":[12,0],"462":[12,0],"463":[0,0],"464":[12,0],"465":[7407,12],"466":[7407,7395],"467":[7407,1311,1302],"468":[1161,5256],"469":[1161,0],"470":[864,297],"471":[864,297],"472":[297,0],"473":[864,0],"474":[864,0],"475":[864,0],"476":[864,0],"477":[864,0],"478":[864,0],"479":[864,0],"480":[0,0],"481":[864,0],"482":[3462,864],"483":[3462,864],"484":[3462,0],"485":[3462,0],"486":[3462,0],"487":[0,0],"488":[3462,0],"489":[864,0],"490":[864,0],"491":[864,0],"492":[6417,5553],"493":[8625,17484],"494":[17484,0],"495":[3702,4356],"496":[4356,0],"497":[51,2811],"498":[2811,0],"499":[51,0],"500":[0,0],"501":[297,16368],"502":[16368,0],"503":[16665,16368],"504":[0,16368],"505":[16368,0],"506":[16368,16368],"507":[0,16368],"508":[16368,0],"509":[16368,16368],"510":[0,16368],"511":[16368,0],"512":[16368,16368],"513":[0,16368],"514":[16368,0],"515":[366,6036],"516":[6036,0],"517":[6402,6036],"518":[72,72],"519":[0,528],"520":[0,0],"521":[12,483],"522":[495,495],"523":[12,0],"524":[0,12],"525":[0,0,12],"526":[12,0],"527":[0,1]},"f":{"1":2,"2":2,"3":1,"4":1212,"5":1113,"6":171,"7":318,"8":540,"9":15,"10":0,"11":2433,"12":15,"13":483,"14":159,"15":318,"16":318,"17":0,"18":0,"19":0,"20":0,"21":582,"22":0,"23":0,"24":483,"25":0,"26":1,"27":0,"28":849,"29":738,"30":711,"31":6,"32":3,"33":3,"34":120,"35":477,"36":0,"37":1284,"38":117,"39":0,"40":498,"41":27,"42":120,"43":63,"44":99,"45":2085,"46":174,"47":324,"48":648,"49":1431,"50":318,"51":334,"52":314,"53":0,"54":1719,"55":498,"56":15,"57":15,"58":15,"59":24,"60":825,"61":321,"62":42,"63":18,"64":63,"65":105,"66":12,"67":3,"68":12,"69":12,"70":12,"71":0,"72":0,"73":18,"74":711,"75":6,"76":1,"77":483,"78":3171,"79":1050,"80":78,"81":2847,"82":4263,"83":483,"84":483,"85":483,"86":1050,"87":345,"88":528,"89":11409,"90":6,"91":6744,"92":1044,"93":621,"94":0,"95":489,"96":291,"97":36,"98":18,"99":51,"100":39,"101":3,"102":6,"103":93,"104":480,"105":480,"106":369,"107":588,"108":489,"109":708,"110":189,"111":750,"112":0,"113":1,"114":1,"115":12,"116":528,"117":304647,"118":44241,"119":4971,"120":1074,"121":1038,"122":3006,"123":2997,"124":441,"125":408,"126":24,"127":5550,"128":498,"129":441,"130":408,"131":609,"132":30,"133":609,"134":609,"135":81,"136":609,"137":441,"138":0,"139":441,"140":8040,"141":783,"142":2529,"143":69,"144":111,"145":783,"146":12,"147":783,"148":2589,"149":102,"150":2556,"151":276,"152":1488,"153":192,"154":15,"155":192,"156":6,"157":390,"158":30,"159":2556,"160":171,"161":105,"162":5769,"163":3861,"164":2862,"165":33,"166":51,"167":51,"168":2892,"169":174,"170":60,"171":174,"172":192,"173":0,"174":120,"175":72,"176":171,"177":15,"178":1905,"179":216,"180":651,"181":3126,"182":651,"183":279,"184":138,"185":534,"186":138,"187":864,"188":0,"189":7407,"190":135,"191":12,"192":6417,"193":26109,"194":8058,"195":2862,"196":51,"197":16665,"198":6402,"199":12,"200":0,"201":12,"202":12},"fnMap":{"1":{"name":"getGlobal","line":4,"loc":{"start":{"line":4,"column":0},"end":{"line":4,"column":20}}},"2":{"name":"(anonymous_2)","line":4,"loc":{"start":{"line":4,"column":28},"end":{"line":4,"column":38}}},"3":{"name":"(anonymous_3)","line":4,"loc":{"start":{"line":4,"column":81},"end":{"line":4,"column":95}}},"4":{"name":"Context","line":4,"loc":{"start":{"line":4,"column":96},"end":{"line":4,"column":121}}},"5":{"name":"Stack","line":4,"loc":{"start":{"line":4,"column":183},"end":{"line":4,"column":206}}},"6":{"name":"Stub","line":4,"loc":{"start":{"line":4,"column":290},"end":{"line":4,"column":306}}},"7":{"name":"Stream","line":4,"loc":{"start":{"line":4,"column":361},"end":{"line":4,"column":378}}},"8":{"name":"Chunk","line":4,"loc":{"start":{"line":4,"column":405},"end":{"line":4,"column":426}}},"9":{"name":"Tap","line":4,"loc":{"start":{"line":4,"column":494},"end":{"line":4,"column":511}}},"10":{"name":"(anonymous_10)","line":4,"loc":{"start":{"line":4,"column":643},"end":{"line":4,"column":653}}},"11":{"name":"(anonymous_11)","line":4,"loc":{"start":{"line":4,"column":889},"end":{"line":4,"column":902}}},"12":{"name":"(anonymous_12)","line":4,"loc":{"start":{"line":4,"column":1124},"end":{"line":4,"column":1137}}},"13":{"name":"(anonymous_13)","line":4,"loc":{"start":{"line":4,"column":1245},"end":{"line":4,"column":1258}}},"14":{"name":"(anonymous_14)","line":4,"loc":{"start":{"line":4,"column":1293},"end":{"line":4,"column":1308}}},"15":{"name":"(anonymous_15)","line":4,"loc":{"start":{"line":4,"column":1416},"end":{"line":4,"column":1429}}},"16":{"name":"(anonymous_16)","line":4,"loc":{"start":{"line":4,"column":1468},"end":{"line":4,"column":1478}}},"17":{"name":"(anonymous_17)","line":4,"loc":{"start":{"line":4,"column":1583},"end":{"line":4,"column":1598}}},"18":{"name":"(anonymous_18)","line":4,"loc":{"start":{"line":4,"column":1645},"end":{"line":4,"column":1658}}},"19":{"name":"(anonymous_19)","line":4,"loc":{"start":{"line":4,"column":1707},"end":{"line":4,"column":1720}}},"20":{"name":"(anonymous_20)","line":4,"loc":{"start":{"line":4,"column":1773},"end":{"line":4,"column":1783}}},"21":{"name":"(anonymous_21)","line":4,"loc":{"start":{"line":4,"column":1937},"end":{"line":4,"column":1952}}},"22":{"name":"(anonymous_22)","line":4,"loc":{"start":{"line":4,"column":2007},"end":{"line":4,"column":2018}}},"23":{"name":"(anonymous_23)","line":4,"loc":{"start":{"line":4,"column":2033},"end":{"line":4,"column":2046}}},"24":{"name":"(anonymous_24)","line":4,"loc":{"start":{"line":4,"column":2223},"end":{"line":4,"column":2244}}},"25":{"name":"(anonymous_25)","line":4,"loc":{"start":{"line":4,"column":2307},"end":{"line":4,"column":2318}}},"26":{"name":"(anonymous_26)","line":4,"loc":{"start":{"line":4,"column":2393},"end":{"line":4,"column":2403}}},"27":{"name":"(anonymous_27)","line":4,"loc":{"start":{"line":4,"column":2455},"end":{"line":4,"column":2466}}},"28":{"name":"(anonymous_28)","line":4,"loc":{"start":{"line":4,"column":2500},"end":{"line":4,"column":2511}}},"29":{"name":"(anonymous_29)","line":4,"loc":{"start":{"line":4,"column":2574},"end":{"line":4,"column":2589}}},"30":{"name":"(anonymous_30)","line":4,"loc":{"start":{"line":4,"column":2864},"end":{"line":4,"column":2875}}},"31":{"name":"(anonymous_31)","line":4,"loc":{"start":{"line":4,"column":2905},"end":{"line":4,"column":2916}}},"32":{"name":"(anonymous_32)","line":4,"loc":{"start":{"line":4,"column":2979},"end":{"line":4,"column":2990}}},"33":{"name":"(anonymous_33)","line":4,"loc":{"start":{"line":4,"column":3110},"end":{"line":4,"column":3121}}},"34":{"name":"(anonymous_34)","line":4,"loc":{"start":{"line":4,"column":3245},"end":{"line":4,"column":3256}}},"35":{"name":"(anonymous_35)","line":4,"loc":{"start":{"line":4,"column":3303},"end":{"line":4,"column":3316}}},"36":{"name":"(anonymous_36)","line":4,"loc":{"start":{"line":4,"column":3406},"end":{"line":4,"column":3419}}},"37":{"name":"(anonymous_37)","line":4,"loc":{"start":{"line":4,"column":3535},"end":{"line":4,"column":3548}}},"38":{"name":"(anonymous_38)","line":4,"loc":{"start":{"line":4,"column":3929},"end":{"line":4,"column":3939}}},"39":{"name":"(anonymous_39)","line":4,"loc":{"start":{"line":4,"column":4151},"end":{"line":4,"column":4164}}},"40":{"name":"(anonymous_40)","line":4,"loc":{"start":{"line":4,"column":4211},"end":{"line":4,"column":4226}}},"41":{"name":"(anonymous_41)","line":4,"loc":{"start":{"line":4,"column":4348},"end":{"line":4,"column":4359}}},"42":{"name":"(anonymous_42)","line":4,"loc":{"start":{"line":4,"column":4467},"end":{"line":4,"column":4477}}},"43":{"name":"(anonymous_43)","line":4,"loc":{"start":{"line":4,"column":4529},"end":{"line":4,"column":4540}}},"44":{"name":"(anonymous_44)","line":4,"loc":{"start":{"line":4,"column":4815},"end":{"line":4,"column":4826}}},"45":{"name":"(anonymous_45)","line":4,"loc":{"start":{"line":4,"column":4981},"end":{"line":4,"column":4991}}},"46":{"name":"(anonymous_46)","line":4,"loc":{"start":{"line":4,"column":5039},"end":{"line":4,"column":5049}}},"47":{"name":"(anonymous_47)","line":4,"loc":{"start":{"line":4,"column":5360},"end":{"line":4,"column":5370}}},"48":{"name":"(anonymous_48)","line":4,"loc":{"start":{"line":4,"column":5680},"end":{"line":4,"column":5693}}},"49":{"name":"(anonymous_49)","line":4,"loc":{"start":{"line":4,"column":6064},"end":{"line":4,"column":6077}}},"50":{"name":"(anonymous_50)","line":4,"loc":{"start":{"line":4,"column":6441},"end":{"line":4,"column":6452}}},"51":{"name":"(anonymous_51)","line":4,"loc":{"start":{"line":4,"column":6475},"end":{"line":4,"column":6486}}},"52":{"name":"(anonymous_52)","line":4,"loc":{"start":{"line":4,"column":6553},"end":{"line":4,"column":6563}}},"53":{"name":"(anonymous_53)","line":4,"loc":{"start":{"line":4,"column":6629},"end":{"line":4,"column":6640}}},"54":{"name":"(anonymous_54)","line":4,"loc":{"start":{"line":4,"column":6682},"end":{"line":4,"column":6693}}},"55":{"name":"(anonymous_55)","line":4,"loc":{"start":{"line":4,"column":6776},"end":{"line":4,"column":6787}}},"56":{"name":"(anonymous_56)","line":4,"loc":{"start":{"line":4,"column":6874},"end":{"line":4,"column":6885}}},"57":{"name":"(anonymous_57)","line":4,"loc":{"start":{"line":4,"column":7033},"end":{"line":4,"column":7044}}},"58":{"name":"(anonymous_58)","line":4,"loc":{"start":{"line":4,"column":7129},"end":{"line":4,"column":7139}}},"59":{"name":"(anonymous_59)","line":4,"loc":{"start":{"line":4,"column":7201},"end":{"line":4,"column":7214}}},"60":{"name":"(anonymous_60)","line":4,"loc":{"start":{"line":4,"column":7259},"end":{"line":4,"column":7276}}},"61":{"name":"(anonymous_61)","line":4,"loc":{"start":{"line":4,"column":7477},"end":{"line":4,"column":7494}}},"62":{"name":"(anonymous_62)","line":4,"loc":{"start":{"line":4,"column":8169},"end":{"line":4,"column":8184}}},"63":{"name":"(anonymous_63)","line":4,"loc":{"start":{"line":4,"column":8439},"end":{"line":4,"column":8454}}},"64":{"name":"(anonymous_64)","line":4,"loc":{"start":{"line":4,"column":8711},"end":{"line":4,"column":8726}}},"65":{"name":"(anonymous_65)","line":4,"loc":{"start":{"line":4,"column":8799},"end":{"line":4,"column":8814}}},"66":{"name":"(anonymous_66)","line":4,"loc":{"start":{"line":4,"column":9043},"end":{"line":4,"column":9056}}},"67":{"name":"(anonymous_67)","line":4,"loc":{"start":{"line":4,"column":9159},"end":{"line":4,"column":9176}}},"68":{"name":"(anonymous_68)","line":4,"loc":{"start":{"line":4,"column":9352},"end":{"line":4,"column":9367}}},"69":{"name":"(anonymous_69)","line":4,"loc":{"start":{"line":4,"column":9384},"end":{"line":4,"column":9395}}},"70":{"name":"(anonymous_70)","line":4,"loc":{"start":{"line":4,"column":9411},"end":{"line":4,"column":9424}}},"71":{"name":"(anonymous_71)","line":4,"loc":{"start":{"line":4,"column":9496},"end":{"line":4,"column":9507}}},"72":{"name":"(anonymous_72)","line":4,"loc":{"start":{"line":4,"column":9571},"end":{"line":4,"column":9582}}},"73":{"name":"(anonymous_73)","line":4,"loc":{"start":{"line":4,"column":9624},"end":{"line":4,"column":9635}}},"74":{"name":"(anonymous_74)","line":4,"loc":{"start":{"line":4,"column":9784},"end":{"line":4,"column":9795}}},"75":{"name":"(anonymous_75)","line":4,"loc":{"start":{"line":4,"column":10062},"end":{"line":4,"column":10073}}},"76":{"name":"(anonymous_76)","line":4,"loc":{"start":{"line":4,"column":10424},"end":{"line":4,"column":10438}}},"77":{"name":"a","line":4,"loc":{"start":{"line":4,"column":10439},"end":{"line":4,"column":10452}}},"78":{"name":"b","line":4,"loc":{"start":{"line":4,"column":10490},"end":{"line":4,"column":10505}}},"79":{"name":"c","line":4,"loc":{"start":{"line":4,"column":10600},"end":{"line":4,"column":10615}}},"80":{"name":"d","line":4,"loc":{"start":{"line":4,"column":10768},"end":{"line":4,"column":10783}}},"81":{"name":"e","line":4,"loc":{"start":{"line":4,"column":10809},"end":{"line":4,"column":10824}}},"82":{"name":"f","line":4,"loc":{"start":{"line":4,"column":10834},"end":{"line":4,"column":10846}}},"83":{"name":"g","line":4,"loc":{"start":{"line":4,"column":10848},"end":{"line":4,"column":10863}}},"84":{"name":"h","line":4,"loc":{"start":{"line":4,"column":11035},"end":{"line":4,"column":11048}}},"85":{"name":"i","line":4,"loc":{"start":{"line":4,"column":11208},"end":{"line":4,"column":11221}}},"86":{"name":"j","line":4,"loc":{"start":{"line":4,"column":11364},"end":{"line":4,"column":11379}}},"87":{"name":"k","line":4,"loc":{"start":{"line":4,"column":11457},"end":{"line":4,"column":11474}}},"88":{"name":"(anonymous_88)","line":4,"loc":{"start":{"line":4,"column":11620},"end":{"line":4,"column":11633}}},"89":{"name":"(anonymous_89)","line":4,"loc":{"start":{"line":4,"column":11809},"end":{"line":4,"column":11822}}},"90":{"name":"(anonymous_90)","line":4,"loc":{"start":{"line":4,"column":12085},"end":{"line":4,"column":12100}}},"91":{"name":"(anonymous_91)","line":4,"loc":{"start":{"line":4,"column":12241},"end":{"line":4,"column":12254}}},"92":{"name":"(anonymous_92)","line":4,"loc":{"start":{"line":4,"column":12302},"end":{"line":4,"column":12315}}},"93":{"name":"(anonymous_93)","line":4,"loc":{"start":{"line":4,"column":12380},"end":{"line":4,"column":12393}}},"94":{"name":"(anonymous_94)","line":4,"loc":{"start":{"line":4,"column":12430},"end":{"line":4,"column":12443}}},"95":{"name":"(anonymous_95)","line":4,"loc":{"start":{"line":4,"column":12488},"end":{"line":4,"column":12501}}},"96":{"name":"(anonymous_96)","line":4,"loc":{"start":{"line":4,"column":12589},"end":{"line":4,"column":12602}}},"97":{"name":"(anonymous_97)","line":4,"loc":{"start":{"line":4,"column":12632},"end":{"line":4,"column":12645}}},"98":{"name":"(anonymous_98)","line":4,"loc":{"start":{"line":4,"column":12674},"end":{"line":4,"column":12687}}},"99":{"name":"(anonymous_99)","line":4,"loc":{"start":{"line":4,"column":12719},"end":{"line":4,"column":12732}}},"100":{"name":"(anonymous_100)","line":4,"loc":{"start":{"line":4,"column":12877},"end":{"line":4,"column":12890}}},"101":{"name":"(anonymous_101)","line":4,"loc":{"start":{"line":4,"column":13210},"end":{"line":4,"column":13223}}},"102":{"name":"(anonymous_102)","line":4,"loc":{"start":{"line":4,"column":13350},"end":{"line":4,"column":13363}}},"103":{"name":"(anonymous_103)","line":4,"loc":{"start":{"line":4,"column":13621},"end":{"line":4,"column":13634}}},"104":{"name":"(anonymous_104)","line":4,"loc":{"start":{"line":4,"column":13749},"end":{"line":4,"column":13762}}},"105":{"name":"(anonymous_105)","line":4,"loc":{"start":{"line":4,"column":13832},"end":{"line":4,"column":13845}}},"106":{"name":"(anonymous_106)","line":4,"loc":{"start":{"line":4,"column":13966},"end":{"line":4,"column":13979}}},"107":{"name":"(anonymous_107)","line":4,"loc":{"start":{"line":4,"column":14082},"end":{"line":4,"column":14095}}},"108":{"name":"(anonymous_108)","line":4,"loc":{"start":{"line":4,"column":14166},"end":{"line":4,"column":14179}}},"109":{"name":"(anonymous_109)","line":4,"loc":{"start":{"line":4,"column":14307},"end":{"line":4,"column":14320}}},"110":{"name":"(anonymous_110)","line":4,"loc":{"start":{"line":4,"column":14365},"end":{"line":4,"column":14378}}},"111":{"name":"(anonymous_111)","line":4,"loc":{"start":{"line":4,"column":14553},"end":{"line":4,"column":14566}}},"112":{"name":"(anonymous_112)","line":4,"loc":{"start":{"line":4,"column":14615},"end":{"line":4,"column":14626}}},"113":{"name":"(anonymous_113)","line":4,"loc":{"start":{"line":4,"column":14769},"end":{"line":4,"column":14783}}},"114":{"name":"(anonymous_114)","line":4,"loc":{"start":{"line":4,"column":14790},"end":{"line":4,"column":14800}}},"115":{"name":"b","line":4,"loc":{"start":{"line":4,"column":14801},"end":{"line":4,"column":14814}}},"116":{"name":"(anonymous_116)","line":4,"loc":{"start":{"line":4,"column":15048},"end":{"line":4,"column":15061}}},"117":{"name":"e","line":4,"loc":{"start":{"line":4,"column":15062},"end":{"line":4,"column":15075}}},"118":{"name":"f","line":4,"loc":{"start":{"line":4,"column":15119},"end":{"line":4,"column":15134}}},"119":{"name":"g","line":4,"loc":{"start":{"line":4,"column":15355},"end":{"line":4,"column":15368}}},"120":{"name":"h","line":4,"loc":{"start":{"line":4,"column":15433},"end":{"line":4,"column":15445}}},"121":{"name":"(anonymous_121)","line":4,"loc":{"start":{"line":4,"column":15524},"end":{"line":4,"column":15541}}},"122":{"name":"i","line":4,"loc":{"start":{"line":4,"column":15649},"end":{"line":4,"column":15661}}},"123":{"name":"j","line":4,"loc":{"start":{"line":4,"column":15773},"end":{"line":4,"column":15785}}},"124":{"name":"(anonymous_124)","line":4,"loc":{"start":{"line":4,"column":15978},"end":{"line":4,"column":16001}}},"125":{"name":"(anonymous_125)","line":4,"loc":{"start":{"line":4,"column":16348},"end":{"line":4,"column":16369}}},"126":{"name":"(anonymous_126)","line":4,"loc":{"start":{"line":4,"column":16808},"end":{"line":4,"column":16825}}},"127":{"name":"k","line":4,"loc":{"start":{"line":4,"column":16980},"end":{"line":4,"column":16992}}},"128":{"name":"(anonymous_128)","line":4,"loc":{"start":{"line":4,"column":17396},"end":{"line":4,"column":17419}}},"129":{"name":"l","line":4,"loc":{"start":{"line":4,"column":17505},"end":{"line":4,"column":17517}}},"130":{"name":"(anonymous_130)","line":4,"loc":{"start":{"line":4,"column":17938},"end":{"line":4,"column":17955}}},"131":{"name":"m","line":4,"loc":{"start":{"line":4,"column":18053},"end":{"line":4,"column":18065}}},"132":{"name":"(anonymous_132)","line":4,"loc":{"start":{"line":4,"column":18255},"end":{"line":4,"column":18272}}},"133":{"name":"(anonymous_133)","line":4,"loc":{"start":{"line":4,"column":18363},"end":{"line":4,"column":18380}}},"134":{"name":"n","line":4,"loc":{"start":{"line":4,"column":18467},"end":{"line":4,"column":18479}}},"135":{"name":"(anonymous_135)","line":4,"loc":{"start":{"line":4,"column":19302},"end":{"line":4,"column":19321}}},"136":{"name":"(anonymous_136)","line":4,"loc":{"start":{"line":4,"column":19431},"end":{"line":4,"column":19448}}},"137":{"name":"o","line":4,"loc":{"start":{"line":4,"column":19560},"end":{"line":4,"column":19572}}},"138":{"name":"(anonymous_138)","line":4,"loc":{"start":{"line":4,"column":20276},"end":{"line":4,"column":20295}}},"139":{"name":"(anonymous_139)","line":4,"loc":{"start":{"line":4,"column":20405},"end":{"line":4,"column":20422}}},"140":{"name":"p","line":4,"loc":{"start":{"line":4,"column":20534},"end":{"line":4,"column":20546}}},"141":{"name":"(anonymous_141)","line":4,"loc":{"start":{"line":4,"column":20743},"end":{"line":4,"column":20762}}},"142":{"name":"q","line":4,"loc":{"start":{"line":4,"column":20913},"end":{"line":4,"column":20925}}},"143":{"name":"(anonymous_143)","line":4,"loc":{"start":{"line":4,"column":21233},"end":{"line":4,"column":21250}}},"144":{"name":"(anonymous_144)","line":4,"loc":{"start":{"line":4,"column":21734},"end":{"line":4,"column":21757}}},"145":{"name":"r","line":4,"loc":{"start":{"line":4,"column":21934},"end":{"line":4,"column":21946}}},"146":{"name":"(anonymous_146)","line":4,"loc":{"start":{"line":4,"column":22406},"end":{"line":4,"column":22423}}},"147":{"name":"(anonymous_147)","line":4,"loc":{"start":{"line":4,"column":22505},"end":{"line":4,"column":22522}}},"148":{"name":"s","line":4,"loc":{"start":{"line":4,"column":22636},"end":{"line":4,"column":22648}}},"149":{"name":"(anonymous_149)","line":4,"loc":{"start":{"line":4,"column":22908},"end":{"line":4,"column":22925}}},"150":{"name":"t","line":4,"loc":{"start":{"line":4,"column":23065},"end":{"line":4,"column":23077}}},"151":{"name":"(anonymous_151)","line":4,"loc":{"start":{"line":4,"column":23123},"end":{"line":4,"column":23140}}},"152":{"name":"(anonymous_152)","line":4,"loc":{"start":{"line":4,"column":23283},"end":{"line":4,"column":23300}}},"153":{"name":"u","line":4,"loc":{"start":{"line":4,"column":23424},"end":{"line":4,"column":23436}}},"154":{"name":"(anonymous_154)","line":4,"loc":{"start":{"line":4,"column":23500},"end":{"line":4,"column":23517}}},"155":{"name":"v","line":4,"loc":{"start":{"line":4,"column":23622},"end":{"line":4,"column":23634}}},"156":{"name":"(anonymous_156)","line":4,"loc":{"start":{"line":4,"column":23926},"end":{"line":4,"column":23945}}},"157":{"name":"w","line":4,"loc":{"start":{"line":4,"column":24073},"end":{"line":4,"column":24085}}},"158":{"name":"(anonymous_158)","line":4,"loc":{"start":{"line":4,"column":24362},"end":{"line":4,"column":24379}}},"159":{"name":"x","line":4,"loc":{"start":{"line":4,"column":24496},"end":{"line":4,"column":24508}}},"160":{"name":"(anonymous_160)","line":4,"loc":{"start":{"line":4,"column":24745},"end":{"line":4,"column":24764}}},"161":{"name":"(anonymous_161)","line":4,"loc":{"start":{"line":4,"column":25179},"end":{"line":4,"column":25196}}},"162":{"name":"y","line":4,"loc":{"start":{"line":4,"column":25387},"end":{"line":4,"column":25399}}},"163":{"name":"(anonymous_163)","line":4,"loc":{"start":{"line":4,"column":25871},"end":{"line":4,"column":25890}}},"164":{"name":"z","line":4,"loc":{"start":{"line":4,"column":26000},"end":{"line":4,"column":26012}}},"165":{"name":"(anonymous_165)","line":4,"loc":{"start":{"line":4,"column":26339},"end":{"line":4,"column":26356}}},"166":{"name":"(anonymous_166)","line":4,"loc":{"start":{"line":4,"column":26549},"end":{"line":4,"column":26566}}},"167":{"name":"(anonymous_167)","line":4,"loc":{"start":{"line":4,"column":26723},"end":{"line":4,"column":26742}}},"168":{"name":"A","line":4,"loc":{"start":{"line":4,"column":26864},"end":{"line":4,"column":26876}}},"169":{"name":"(anonymous_169)","line":4,"loc":{"start":{"line":4,"column":27077},"end":{"line":4,"column":27094}}},"170":{"name":"(anonymous_170)","line":4,"loc":{"start":{"line":4,"column":27355},"end":{"line":4,"column":27372}}},"171":{"name":"(anonymous_171)","line":4,"loc":{"start":{"line":4,"column":27548},"end":{"line":4,"column":27567}}},"172":{"name":"B","line":4,"loc":{"start":{"line":4,"column":27687},"end":{"line":4,"column":27699}}},"173":{"name":"(anonymous_173)","line":4,"loc":{"start":{"line":4,"column":27948},"end":{"line":4,"column":27963}}},"174":{"name":"(anonymous_174)","line":4,"loc":{"start":{"line":4,"column":28336},"end":{"line":4,"column":28353}}},"175":{"name":"(anonymous_175)","line":4,"loc":{"start":{"line":4,"column":28794},"end":{"line":4,"column":28811}}},"176":{"name":"C","line":4,"loc":{"start":{"line":4,"column":28962},"end":{"line":4,"column":28974}}},"177":{"name":"(anonymous_177)","line":4,"loc":{"start":{"line":4,"column":29050},"end":{"line":4,"column":29067}}},"178":{"name":"D","line":4,"loc":{"start":{"line":4,"column":29140},"end":{"line":4,"column":29152}}},"179":{"name":"(anonymous_179)","line":4,"loc":{"start":{"line":4,"column":29321},"end":{"line":4,"column":29340}}},"180":{"name":"(anonymous_180)","line":4,"loc":{"start":{"line":4,"column":29860},"end":{"line":4,"column":29877}}},"181":{"name":"(anonymous_181)","line":4,"loc":{"start":{"line":4,"column":30358},"end":{"line":4,"column":30375}}},"182":{"name":"(anonymous_182)","line":4,"loc":{"start":{"line":4,"column":30462},"end":{"line":4,"column":30479}}},"183":{"name":"E","line":4,"loc":{"start":{"line":4,"column":30630},"end":{"line":4,"column":30642}}},"184":{"name":"(anonymous_184)","line":4,"loc":{"start":{"line":4,"column":30920},"end":{"line":4,"column":30937}}},"185":{"name":"(anonymous_185)","line":4,"loc":{"start":{"line":4,"column":31282},"end":{"line":4,"column":31299}}},"186":{"name":"(anonymous_186)","line":4,"loc":{"start":{"line":4,"column":31393},"end":{"line":4,"column":31410}}},"187":{"name":"F","line":4,"loc":{"start":{"line":4,"column":31514},"end":{"line":4,"column":31526}}},"188":{"name":"(anonymous_188)","line":4,"loc":{"start":{"line":4,"column":31639},"end":{"line":4,"column":31649}}},"189":{"name":"G","line":4,"loc":{"start":{"line":4,"column":31709},"end":{"line":4,"column":31721}}},"190":{"name":"(anonymous_190)","line":5,"loc":{"start":{"line":5,"column":358},"end":{"line":5,"column":375}}},"191":{"name":"(anonymous_191)","line":5,"loc":{"start":{"line":5,"column":608},"end":{"line":5,"column":625}}},"192":{"name":"H","line":5,"loc":{"start":{"line":5,"column":774},"end":{"line":5,"column":786}}},"193":{"name":"I","line":5,"loc":{"start":{"line":5,"column":1938},"end":{"line":5,"column":1950}}},"194":{"name":"J","line":5,"loc":{"start":{"line":5,"column":2035},"end":{"line":5,"column":2047}}},"195":{"name":"K","line":5,"loc":{"start":{"line":5,"column":2132},"end":{"line":5,"column":2144}}},"196":{"name":"L","line":5,"loc":{"start":{"line":5,"column":2228},"end":{"line":5,"column":2240}}},"197":{"name":"M","line":5,"loc":{"start":{"line":5,"column":2324},"end":{"line":5,"column":2336}}},"198":{"name":"N","line":5,"loc":{"start":{"line":5,"column":2782},"end":{"line":5,"column":2794}}},"199":{"name":"O","line":5,"loc":{"start":{"line":5,"column":2955},"end":{"line":5,"column":2968}}},"200":{"name":"(anonymous_200)","line":5,"loc":{"start":{"line":5,"column":3742},"end":{"line":5,"column":3752}}},"201":{"name":"(anonymous_201)","line":5,"loc":{"start":{"line":5,"column":3796},"end":{"line":5,"column":3815}}},"202":{"name":"g","line":5,"loc":{"start":{"line":5,"column":3816},"end":{"line":5,"column":3831}}}},"statementMap":{"1":{"start":{"line":4,"column":0},"end":{"line":4,"column":68}},"2":{"start":{"line":4,"column":21},"end":{"line":4,"column":67}},"3":{"start":{"line":4,"column":39},"end":{"line":4,"column":55}},"4":{"start":{"line":4,"column":68},"end":{"line":4,"column":80}},"5":{"start":{"line":4,"column":80},"end":{"line":4,"column":10407}},"6":{"start":{"line":4,"column":96},"end":{"line":4,"column":183}},"7":{"start":{"line":4,"column":122},"end":{"line":4,"column":182}},"8":{"start":{"line":4,"column":183},"end":{"line":4,"column":290}},"9":{"start":{"line":4,"column":207},"end":{"line":4,"column":289}},"10":{"start":{"line":4,"column":290},"end":{"line":4,"column":361}},"11":{"start":{"line":4,"column":307},"end":{"line":4,"column":360}},"12":{"start":{"line":4,"column":361},"end":{"line":4,"column":405}},"13":{"start":{"line":4,"column":379},"end":{"line":4,"column":404}},"14":{"start":{"line":4,"column":405},"end":{"line":4,"column":494}},"15":{"start":{"line":4,"column":427},"end":{"line":4,"column":493}},"16":{"start":{"line":4,"column":494},"end":{"line":4,"column":536}},"17":{"start":{"line":4,"column":512},"end":{"line":4,"column":535}},"18":{"start":{"line":4,"column":536},"end":{"line":4,"column":10293}},"19":{"start":{"line":4,"column":545},"end":{"line":4,"column":674}},"20":{"start":{"line":4,"column":674},"end":{"line":4,"column":9685}},"21":{"start":{"line":4,"column":903},"end":{"line":4,"column":1109}},"22":{"start":{"line":4,"column":1138},"end":{"line":4,"column":1191}},"23":{"start":{"line":4,"column":1183},"end":{"line":4,"column":1191}},"24":{"start":{"line":4,"column":1191},"end":{"line":4,"column":1199}},"25":{"start":{"line":4,"column":1259},"end":{"line":4,"column":1279}},"26":{"start":{"line":4,"column":1309},"end":{"line":4,"column":1332}},"27":{"start":{"line":4,"column":1332},"end":{"line":4,"column":1402}},"28":{"start":{"line":4,"column":1336},"end":{"line":4,"column":1374}},"29":{"start":{"line":4,"column":1384},"end":{"line":4,"column":1401}},"30":{"start":{"line":4,"column":1430},"end":{"line":4,"column":1447}},"31":{"start":{"line":4,"column":1447},"end":{"line":4,"column":1563}},"32":{"start":{"line":4,"column":1479},"end":{"line":4,"column":1559}},"33":{"start":{"line":4,"column":1483},"end":{"line":4,"column":1526}},"34":{"start":{"line":4,"column":1536},"end":{"line":4,"column":1558}},"35":{"start":{"line":4,"column":1599},"end":{"line":4,"column":1628}},"36":{"start":{"line":4,"column":1659},"end":{"line":4,"column":1700}},"37":{"start":{"line":4,"column":1700},"end":{"line":4,"column":1925}},"38":{"start":{"line":4,"column":1721},"end":{"line":4,"column":1752}},"39":{"start":{"line":4,"column":1752},"end":{"line":4,"column":1924}},"40":{"start":{"line":4,"column":1784},"end":{"line":4,"column":1920}},"41":{"start":{"line":4,"column":1953},"end":{"line":4,"column":1973}},"42":{"start":{"line":4,"column":1973},"end":{"line":4,"column":2205}},"43":{"start":{"line":4,"column":2019},"end":{"line":4,"column":2155}},"44":{"start":{"line":4,"column":2047},"end":{"line":4,"column":2153}},"45":{"start":{"line":4,"column":2245},"end":{"line":4,"column":2264}},"46":{"start":{"line":4,"column":2319},"end":{"line":4,"column":2377}},"47":{"start":{"line":4,"column":2404},"end":{"line":4,"column":2483}},"48":{"start":{"line":4,"column":2467},"end":{"line":4,"column":2482}},"49":{"start":{"line":4,"column":2512},"end":{"line":4,"column":2560}},"50":{"start":{"line":4,"column":2590},"end":{"line":4,"column":2812}},"51":{"start":{"line":4,"column":2595},"end":{"line":4,"column":2812}},"52":{"start":{"line":4,"column":2627},"end":{"line":4,"column":2638}},"53":{"start":{"line":4,"column":2638},"end":{"line":4,"column":2811}},"54":{"start":{"line":4,"column":2812},"end":{"line":4,"column":2846}},"55":{"start":{"line":4,"column":2876},"end":{"line":4,"column":2901}},"56":{"start":{"line":4,"column":2917},"end":{"line":4,"column":2940}},"57":{"start":{"line":4,"column":2991},"end":{"line":4,"column":3105}},"58":{"start":{"line":4,"column":3122},"end":{"line":4,"column":3228}},"59":{"start":{"line":4,"column":3257},"end":{"line":4,"column":3288}},"60":{"start":{"line":4,"column":3317},"end":{"line":4,"column":3382}},"61":{"start":{"line":4,"column":3420},"end":{"line":4,"column":3510}},"62":{"start":{"line":4,"column":3549},"end":{"line":4,"column":3578}},"63":{"start":{"line":4,"column":3578},"end":{"line":4,"column":3898}},"64":{"start":{"line":4,"column":3711},"end":{"line":4,"column":3724}},"65":{"start":{"line":4,"column":3729},"end":{"line":4,"column":3867}},"66":{"start":{"line":4,"column":3734},"end":{"line":4,"column":3746}},"67":{"start":{"line":4,"column":3751},"end":{"line":4,"column":3818}},"68":{"start":{"line":4,"column":3809},"end":{"line":4,"column":3818}},"69":{"start":{"line":4,"column":3818},"end":{"line":4,"column":3866}},"70":{"start":{"line":4,"column":3867},"end":{"line":4,"column":3897}},"71":{"start":{"line":4,"column":3880},"end":{"line":4,"column":3897}},"72":{"start":{"line":4,"column":3898},"end":{"line":4,"column":3994}},"73":{"start":{"line":4,"column":3923},"end":{"line":4,"column":3969}},"74":{"start":{"line":4,"column":3940},"end":{"line":4,"column":3967}},"75":{"start":{"line":4,"column":3969},"end":{"line":4,"column":3993}},"76":{"start":{"line":4,"column":3994},"end":{"line":4,"column":4123}},"77":{"start":{"line":4,"column":4165},"end":{"line":4,"column":4186}},"78":{"start":{"line":4,"column":4227},"end":{"line":4,"column":4321}},"79":{"start":{"line":4,"column":4360},"end":{"line":4,"column":4439}},"80":{"start":{"line":4,"column":4478},"end":{"line":4,"column":4500}},"81":{"start":{"line":4,"column":4541},"end":{"line":4,"column":4608}},"82":{"start":{"line":4,"column":4566},"end":{"line":4,"column":4582}},"83":{"start":{"line":4,"column":4582},"end":{"line":4,"column":4607}},"84":{"start":{"line":4,"column":4608},"end":{"line":4,"column":4626}},"85":{"start":{"line":4,"column":4626},"end":{"line":4,"column":4736}},"86":{"start":{"line":4,"column":4632},"end":{"line":4,"column":4736}},"87":{"start":{"line":4,"column":4736},"end":{"line":4,"column":4783}},"88":{"start":{"line":4,"column":4762},"end":{"line":4,"column":4783}},"89":{"start":{"line":4,"column":4775},"end":{"line":4,"column":4783}},"90":{"start":{"line":4,"column":4827},"end":{"line":4,"column":4847}},"91":{"start":{"line":4,"column":4847},"end":{"line":4,"column":4945}},"92":{"start":{"line":4,"column":4992},"end":{"line":4,"column":5016}},"93":{"start":{"line":4,"column":5050},"end":{"line":4,"column":5307}},"94":{"start":{"line":4,"column":5074},"end":{"line":4,"column":5260}},"95":{"start":{"line":4,"column":5090},"end":{"line":4,"column":5260}},"96":{"start":{"line":4,"column":5260},"end":{"line":4,"column":5306}},"97":{"start":{"line":4,"column":5307},"end":{"line":4,"column":5335}},"98":{"start":{"line":4,"column":5371},"end":{"line":4,"column":5640}},"99":{"start":{"line":4,"column":5395},"end":{"line":4,"column":5585}},"100":{"start":{"line":4,"column":5411},"end":{"line":4,"column":5585}},"101":{"start":{"line":4,"column":5585},"end":{"line":4,"column":5639}},"102":{"start":{"line":4,"column":5640},"end":{"line":4,"column":5656}},"103":{"start":{"line":4,"column":5694},"end":{"line":4,"column":5755}},"104":{"start":{"line":4,"column":5710},"end":{"line":4,"column":5755}},"105":{"start":{"line":4,"column":5755},"end":{"line":4,"column":5776}},"106":{"start":{"line":4,"column":5776},"end":{"line":4,"column":5843}},"107":{"start":{"line":4,"column":5782},"end":{"line":4,"column":5843}},"108":{"start":{"line":4,"column":5843},"end":{"line":4,"column":6042}},"109":{"start":{"line":4,"column":5867},"end":{"line":4,"column":5872}},"110":{"start":{"line":4,"column":5877},"end":{"line":4,"column":6042}},"111":{"start":{"line":4,"column":5896},"end":{"line":4,"column":5948}},"112":{"start":{"line":4,"column":5940},"end":{"line":4,"column":5948}},"113":{"start":{"line":4,"column":5953},"end":{"line":4,"column":6042}},"114":{"start":{"line":4,"column":6078},"end":{"line":4,"column":6417}},"115":{"start":{"line":4,"column":6453},"end":{"line":4,"column":6658}},"116":{"start":{"line":4,"column":6487},"end":{"line":4,"column":6541}},"117":{"start":{"line":4,"column":6491},"end":{"line":4,"column":6508}},"118":{"start":{"line":4,"column":6518},"end":{"line":4,"column":6540}},"119":{"start":{"line":4,"column":6564},"end":{"line":4,"column":6615}},"120":{"start":{"line":4,"column":6568},"end":{"line":4,"column":6582}},"121":{"start":{"line":4,"column":6592},"end":{"line":4,"column":6614}},"122":{"start":{"line":4,"column":6641},"end":{"line":4,"column":6651}},"123":{"start":{"line":4,"column":6694},"end":{"line":4,"column":6710}},"124":{"start":{"line":4,"column":6710},"end":{"line":4,"column":6754}},"125":{"start":{"line":4,"column":6788},"end":{"line":4,"column":6852}},"126":{"start":{"line":4,"column":6886},"end":{"line":4,"column":6968}},"127":{"start":{"line":4,"column":6968},"end":{"line":4,"column":7011}},"128":{"start":{"line":4,"column":7045},"end":{"line":4,"column":7061}},"129":{"start":{"line":4,"column":7061},"end":{"line":4,"column":7105}},"130":{"start":{"line":4,"column":7140},"end":{"line":4,"column":7176}},"131":{"start":{"line":4,"column":7215},"end":{"line":4,"column":7231}},"132":{"start":{"line":4,"column":7277},"end":{"line":4,"column":7451}},"133":{"start":{"line":4,"column":7495},"end":{"line":4,"column":7586}},"134":{"start":{"line":4,"column":7577},"end":{"line":4,"column":7586}},"135":{"start":{"line":4,"column":7586},"end":{"line":4,"column":7612}},"136":{"start":{"line":4,"column":7612},"end":{"line":4,"column":8012}},"137":{"start":{"line":4,"column":7649},"end":{"line":4,"column":7898}},"138":{"start":{"line":4,"column":7655},"end":{"line":4,"column":7677}},"139":{"start":{"line":4,"column":7677},"end":{"line":4,"column":7876}},"140":{"start":{"line":4,"column":7685},"end":{"line":4,"column":7721}},"141":{"start":{"line":4,"column":7721},"end":{"line":4,"column":7801}},"142":{"start":{"line":4,"column":7741},"end":{"line":4,"column":7801}},"143":{"start":{"line":4,"column":7801},"end":{"line":4,"column":7875}},"144":{"start":{"line":4,"column":7876},"end":{"line":4,"column":7897}},"145":{"start":{"line":4,"column":7881},"end":{"line":4,"column":7897}},"146":{"start":{"line":4,"column":7904},"end":{"line":4,"column":8012}},"147":{"start":{"line":4,"column":7915},"end":{"line":4,"column":7936}},"148":{"start":{"line":4,"column":7920},"end":{"line":4,"column":7936}},"149":{"start":{"line":4,"column":7942},"end":{"line":4,"column":8012}},"150":{"start":{"line":4,"column":7955},"end":{"line":4,"column":7984}},"151":{"start":{"line":4,"column":7960},"end":{"line":4,"column":7984}},"152":{"start":{"line":4,"column":7990},"end":{"line":4,"column":8012}},"153":{"start":{"line":4,"column":7995},"end":{"line":4,"column":8012}},"154":{"start":{"line":4,"column":8012},"end":{"line":4,"column":8144}},"155":{"start":{"line":4,"column":8185},"end":{"line":4,"column":8211}},"156":{"start":{"line":4,"column":8211},"end":{"line":4,"column":8280}},"157":{"start":{"line":4,"column":8231},"end":{"line":4,"column":8252}},"158":{"start":{"line":4,"column":8236},"end":{"line":4,"column":8252}},"159":{"start":{"line":4,"column":8258},"end":{"line":4,"column":8280}},"160":{"start":{"line":4,"column":8263},"end":{"line":4,"column":8280}},"161":{"start":{"line":4,"column":8280},"end":{"line":4,"column":8411}},"162":{"start":{"line":4,"column":8455},"end":{"line":4,"column":8481}},"163":{"start":{"line":4,"column":8481},"end":{"line":4,"column":8550}},"164":{"start":{"line":4,"column":8501},"end":{"line":4,"column":8522}},"165":{"start":{"line":4,"column":8506},"end":{"line":4,"column":8522}},"166":{"start":{"line":4,"column":8528},"end":{"line":4,"column":8550}},"167":{"start":{"line":4,"column":8533},"end":{"line":4,"column":8550}},"168":{"start":{"line":4,"column":8550},"end":{"line":4,"column":8687}},"169":{"start":{"line":4,"column":8727},"end":{"line":4,"column":8741}},"170":{"start":{"line":4,"column":8741},"end":{"line":4,"column":8773}},"171":{"start":{"line":4,"column":8815},"end":{"line":4,"column":8821}},"172":{"start":{"line":4,"column":8821},"end":{"line":4,"column":8990}},"173":{"start":{"line":4,"column":8990},"end":{"line":4,"column":8996}},"174":{"start":{"line":4,"column":8996},"end":{"line":4,"column":9134}},"175":{"start":{"line":4,"column":9057},"end":{"line":4,"column":9112}},"176":{"start":{"line":4,"column":9177},"end":{"line":4,"column":9188}},"177":{"start":{"line":4,"column":9188},"end":{"line":4,"column":9326}},"178":{"start":{"line":4,"column":9192},"end":{"line":4,"column":9291}},"179":{"start":{"line":4,"column":9301},"end":{"line":4,"column":9325}},"180":{"start":{"line":4,"column":9368},"end":{"line":4,"column":9469}},"181":{"start":{"line":4,"column":9396},"end":{"line":4,"column":9450}},"182":{"start":{"line":4,"column":9425},"end":{"line":4,"column":9447}},"183":{"start":{"line":4,"column":9450},"end":{"line":4,"column":9467}},"184":{"start":{"line":4,"column":9508},"end":{"line":4,"column":9550}},"185":{"start":{"line":4,"column":9583},"end":{"line":4,"column":9605}},"186":{"start":{"line":4,"column":9636},"end":{"line":4,"column":9675}},"187":{"start":{"line":4,"column":9654},"end":{"line":4,"column":9675}},"188":{"start":{"line":4,"column":9675},"end":{"line":4,"column":9683}},"189":{"start":{"line":4,"column":9685},"end":{"line":4,"column":9768}},"190":{"start":{"line":4,"column":9768},"end":{"line":4,"column":9948}},"191":{"start":{"line":4,"column":9796},"end":{"line":4,"column":9946}},"192":{"start":{"line":4,"column":9948},"end":{"line":4,"column":10048}},"193":{"start":{"line":4,"column":10048},"end":{"line":4,"column":10292}},"194":{"start":{"line":4,"column":10074},"end":{"line":4,"column":10291}},"195":{"start":{"line":4,"column":10407},"end":{"line":4,"column":14687}},"196":{"start":{"line":4,"column":10439},"end":{"line":4,"column":10490}},"197":{"start":{"line":4,"column":10453},"end":{"line":4,"column":10462}},"198":{"start":{"line":4,"column":10462},"end":{"line":4,"column":10489}},"199":{"start":{"line":4,"column":10490},"end":{"line":4,"column":10600}},"200":{"start":{"line":4,"column":10506},"end":{"line":4,"column":10525}},"201":{"start":{"line":4,"column":10525},"end":{"line":4,"column":10591}},"202":{"start":{"line":4,"column":10552},"end":{"line":4,"column":10591}},"203":{"start":{"line":4,"column":10591},"end":{"line":4,"column":10599}},"204":{"start":{"line":4,"column":10600},"end":{"line":4,"column":10768}},"205":{"start":{"line":4,"column":10616},"end":{"line":4,"column":10637}},"206":{"start":{"line":4,"column":10637},"end":{"line":4,"column":10759}},"207":{"start":{"line":4,"column":10664},"end":{"line":4,"column":10759}},"208":{"start":{"line":4,"column":10759},"end":{"line":4,"column":10767}},"209":{"start":{"line":4,"column":10768},"end":{"line":4,"column":10809}},"210":{"start":{"line":4,"column":10784},"end":{"line":4,"column":10808}},"211":{"start":{"line":4,"column":10809},"end":{"line":4,"column":10834}},"212":{"start":{"line":4,"column":10825},"end":{"line":4,"column":10833}},"213":{"start":{"line":4,"column":10834},"end":{"line":4,"column":10848}},"214":{"start":{"line":4,"column":10848},"end":{"line":4,"column":11035}},"215":{"start":{"line":4,"column":10864},"end":{"line":4,"column":10916}},"216":{"start":{"line":4,"column":10916},"end":{"line":4,"column":11034}},"217":{"start":{"line":4,"column":11035},"end":{"line":4,"column":11208}},"218":{"start":{"line":4,"column":11049},"end":{"line":4,"column":11071}},"219":{"start":{"line":4,"column":11071},"end":{"line":4,"column":11106}},"220":{"start":{"line":4,"column":11082},"end":{"line":4,"column":11106}},"221":{"start":{"line":4,"column":11106},"end":{"line":4,"column":11207}},"222":{"start":{"line":4,"column":11208},"end":{"line":4,"column":11364}},"223":{"start":{"line":4,"column":11222},"end":{"line":4,"column":11257}},"224":{"start":{"line":4,"column":11257},"end":{"line":4,"column":11346}},"225":{"start":{"line":4,"column":11284},"end":{"line":4,"column":11346}},"226":{"start":{"line":4,"column":11346},"end":{"line":4,"column":11363}},"227":{"start":{"line":4,"column":11364},"end":{"line":4,"column":11457}},"228":{"start":{"line":4,"column":11380},"end":{"line":4,"column":11393}},"229":{"start":{"line":4,"column":11393},"end":{"line":4,"column":11448}},"230":{"start":{"line":4,"column":11420},"end":{"line":4,"column":11448}},"231":{"start":{"line":4,"column":11448},"end":{"line":4,"column":11456}},"232":{"start":{"line":4,"column":11457},"end":{"line":4,"column":11607}},"233":{"start":{"line":4,"column":11475},"end":{"line":4,"column":11606}},"234":{"start":{"line":4,"column":11607},"end":{"line":4,"column":12182}},"235":{"start":{"line":4,"column":11634},"end":{"line":4,"column":11791}},"236":{"start":{"line":4,"column":11638},"end":{"line":4,"column":11661}},"237":{"start":{"line":4,"column":11661},"end":{"line":4,"column":11674}},"238":{"start":{"line":4,"column":11684},"end":{"line":4,"column":11714}},"239":{"start":{"line":4,"column":11706},"end":{"line":4,"column":11714}},"240":{"start":{"line":4,"column":11714},"end":{"line":4,"column":11790}},"241":{"start":{"line":4,"column":11823},"end":{"line":4,"column":11856}},"242":{"start":{"line":4,"column":12101},"end":{"line":4,"column":12116}},"243":{"start":{"line":4,"column":12116},"end":{"line":4,"column":12179}},"244":{"start":{"line":4,"column":12182},"end":{"line":4,"column":12224}},"245":{"start":{"line":4,"column":12224},"end":{"line":4,"column":14584}},"246":{"start":{"line":4,"column":12255},"end":{"line":4,"column":12283}},"247":{"start":{"line":4,"column":12316},"end":{"line":4,"column":12344}},"248":{"start":{"line":4,"column":12344},"end":{"line":4,"column":12371}},"249":{"start":{"line":4,"column":12394},"end":{"line":4,"column":12421}},"250":{"start":{"line":4,"column":12444},"end":{"line":4,"column":12476}},"251":{"start":{"line":4,"column":12502},"end":{"line":4,"column":12583}},"252":{"start":{"line":4,"column":12603},"end":{"line":4,"column":12626}},"253":{"start":{"line":4,"column":12646},"end":{"line":4,"column":12668}},"254":{"start":{"line":4,"column":12688},"end":{"line":4,"column":12713}},"255":{"start":{"line":4,"column":12733},"end":{"line":4,"column":12863}},"256":{"start":{"line":4,"column":12772},"end":{"line":4,"column":12793}},"257":{"start":{"line":4,"column":12793},"end":{"line":4,"column":12862}},"258":{"start":{"line":4,"column":12808},"end":{"line":4,"column":12862}},"259":{"start":{"line":4,"column":12863},"end":{"line":4,"column":12871}},"260":{"start":{"line":4,"column":12891},"end":{"line":4,"column":13204}},"261":{"start":{"line":4,"column":13224},"end":{"line":4,"column":13344}},"262":{"start":{"line":4,"column":13364},"end":{"line":4,"column":13396}},"263":{"start":{"line":4,"column":13396},"end":{"line":4,"column":13425}},"264":{"start":{"line":4,"column":13416},"end":{"line":4,"column":13425}},"265":{"start":{"line":4,"column":13425},"end":{"line":4,"column":13487}},"266":{"start":{"line":4,"column":13464},"end":{"line":4,"column":13487}},"267":{"start":{"line":4,"column":13487},"end":{"line":4,"column":13552}},"268":{"start":{"line":4,"column":13526},"end":{"line":4,"column":13552}},"269":{"start":{"line":4,"column":13552},"end":{"line":4,"column":13611}},"270":{"start":{"line":4,"column":13635},"end":{"line":4,"column":13739}},"271":{"start":{"line":4,"column":13763},"end":{"line":4,"column":13823}},"272":{"start":{"line":4,"column":13846},"end":{"line":4,"column":13915}},"273":{"start":{"line":4,"column":13882},"end":{"line":4,"column":13915}},"274":{"start":{"line":4,"column":13915},"end":{"line":4,"column":13957}},"275":{"start":{"line":4,"column":13980},"end":{"line":4,"column":14049}},"276":{"start":{"line":4,"column":14016},"end":{"line":4,"column":14049}},"277":{"start":{"line":4,"column":14049},"end":{"line":4,"column":14074}},"278":{"start":{"line":4,"column":14096},"end":{"line":4,"column":14156}},"279":{"start":{"line":4,"column":14180},"end":{"line":4,"column":14246}},"280":{"start":{"line":4,"column":14217},"end":{"line":4,"column":14228}},"281":{"start":{"line":4,"column":14228},"end":{"line":4,"column":14245}},"282":{"start":{"line":4,"column":14246},"end":{"line":4,"column":14301}},"283":{"start":{"line":4,"column":14321},"end":{"line":4,"column":14358}},"284":{"start":{"line":4,"column":14379},"end":{"line":4,"column":14502}},"285":{"start":{"line":4,"column":14429},"end":{"line":4,"column":14502}},"286":{"start":{"line":4,"column":14502},"end":{"line":4,"column":14543}},"287":{"start":{"line":4,"column":14567},"end":{"line":4,"column":14581}},"288":{"start":{"line":4,"column":14584},"end":{"line":4,"column":14674}},"289":{"start":{"line":4,"column":14627},"end":{"line":4,"column":14657}},"290":{"start":{"line":4,"column":14674},"end":{"line":4,"column":14685}},"291":{"start":{"line":4,"column":14687},"end":{"line":5,"column":4264}},"292":{"start":{"line":4,"column":14784},"end":{"line":5,"column":4195}},"293":{"start":{"line":4,"column":14801},"end":{"line":4,"column":15035}},"294":{"start":{"line":4,"column":14815},"end":{"line":4,"column":15034}},"295":{"start":{"line":4,"column":15035},"end":{"line":5,"column":3775}},"296":{"start":{"line":4,"column":15062},"end":{"line":4,"column":15119}},"297":{"start":{"line":4,"column":15076},"end":{"line":4,"column":15085}},"298":{"start":{"line":4,"column":15085},"end":{"line":4,"column":15110}},"299":{"start":{"line":4,"column":15100},"end":{"line":4,"column":15110}},"300":{"start":{"line":4,"column":15110},"end":{"line":4,"column":15118}},"301":{"start":{"line":4,"column":15119},"end":{"line":4,"column":15355}},"302":{"start":{"line":4,"column":15135},"end":{"line":4,"column":15343}},"303":{"start":{"line":4,"column":15176},"end":{"line":4,"column":15194}},"304":{"start":{"line":4,"column":15194},"end":{"line":4,"column":15342}},"305":{"start":{"line":4,"column":15343},"end":{"line":4,"column":15354}},"306":{"start":{"line":4,"column":15355},"end":{"line":4,"column":15433}},"307":{"start":{"line":4,"column":15369},"end":{"line":4,"column":15432}},"308":{"start":{"line":4,"column":15433},"end":{"line":4,"column":15649}},"309":{"start":{"line":4,"column":15446},"end":{"line":4,"column":15456}},"310":{"start":{"line":4,"column":15456},"end":{"line":4,"column":15504}},"311":{"start":{"line":4,"column":15488},"end":{"line":4,"column":15504}},"312":{"start":{"line":4,"column":15504},"end":{"line":4,"column":15648}},"313":{"start":{"line":4,"column":15542},"end":{"line":4,"column":15597}},"314":{"start":{"line":4,"column":15649},"end":{"line":4,"column":15773}},"315":{"start":{"line":4,"column":15662},"end":{"line":4,"column":15668}},"316":{"start":{"line":4,"column":15668},"end":{"line":4,"column":15772}},"317":{"start":{"line":4,"column":15773},"end":{"line":4,"column":16980}},"318":{"start":{"line":4,"column":15786},"end":{"line":4,"column":15808}},"319":{"start":{"line":4,"column":15808},"end":{"line":4,"column":16332}},"320":{"start":{"line":4,"column":15845},"end":{"line":4,"column":15886}},"321":{"start":{"line":4,"column":15870},"end":{"line":4,"column":15886}},"322":{"start":{"line":4,"column":15886},"end":{"line":4,"column":16312}},"323":{"start":{"line":4,"column":16002},"end":{"line":4,"column":16133}},"324":{"start":{"line":4,"column":16028},"end":{"line":4,"column":16133}},"325":{"start":{"line":4,"column":16133},"end":{"line":4,"column":16141}},"326":{"start":{"line":4,"column":16318},"end":{"line":4,"column":16332}},"327":{"start":{"line":4,"column":16332},"end":{"line":4,"column":16937}},"328":{"start":{"line":4,"column":16370},"end":{"line":4,"column":16459}},"329":{"start":{"line":4,"column":16537},"end":{"line":4,"column":16795}},"330":{"start":{"line":4,"column":16570},"end":{"line":4,"column":16611}},"331":{"start":{"line":4,"column":16595},"end":{"line":4,"column":16611}},"332":{"start":{"line":4,"column":16611},"end":{"line":4,"column":16775}},"333":{"start":{"line":4,"column":16781},"end":{"line":4,"column":16795}},"334":{"start":{"line":4,"column":16795},"end":{"line":4,"column":16936}},"335":{"start":{"line":4,"column":16826},"end":{"line":4,"column":16884}},"336":{"start":{"line":4,"column":16937},"end":{"line":4,"column":16979}},"337":{"start":{"line":4,"column":16980},"end":{"line":4,"column":17505}},"338":{"start":{"line":4,"column":16993},"end":{"line":4,"column":17013}},"339":{"start":{"line":4,"column":17013},"end":{"line":4,"column":17376}},"340":{"start":{"line":4,"column":17045},"end":{"line":4,"column":17357}},"341":{"start":{"line":4,"column":17157},"end":{"line":4,"column":17198}},"342":{"start":{"line":4,"column":17182},"end":{"line":4,"column":17198}},"343":{"start":{"line":4,"column":17198},"end":{"line":4,"column":17337}},"344":{"start":{"line":4,"column":17343},"end":{"line":4,"column":17357}},"345":{"start":{"line":4,"column":17362},"end":{"line":4,"column":17376}},"346":{"start":{"line":4,"column":17376},"end":{"line":4,"column":17504}},"347":{"start":{"line":4,"column":17420},"end":{"line":4,"column":17435}},"348":{"start":{"line":4,"column":17505},"end":{"line":4,"column":18053}},"349":{"start":{"line":4,"column":17518},"end":{"line":4,"column":17538}},"350":{"start":{"line":4,"column":17538},"end":{"line":4,"column":17918}},"351":{"start":{"line":4,"column":17574},"end":{"line":4,"column":17899}},"352":{"start":{"line":4,"column":17655},"end":{"line":4,"column":17696}},"353":{"start":{"line":4,"column":17680},"end":{"line":4,"column":17696}},"354":{"start":{"line":4,"column":17696},"end":{"line":4,"column":17879}},"355":{"start":{"line":4,"column":17708},"end":{"line":4,"column":17861}},"356":{"start":{"line":4,"column":17727},"end":{"line":4,"column":17768}},"357":{"start":{"line":4,"column":17752},"end":{"line":4,"column":17768}},"358":{"start":{"line":4,"column":17768},"end":{"line":4,"column":17841}},"359":{"start":{"line":4,"column":17847},"end":{"line":4,"column":17861}},"360":{"start":{"line":4,"column":17866},"end":{"line":4,"column":17879}},"361":{"start":{"line":4,"column":17885},"end":{"line":4,"column":17899}},"362":{"start":{"line":4,"column":17904},"end":{"line":4,"column":17918}},"363":{"start":{"line":4,"column":17918},"end":{"line":4,"column":18052}},"364":{"start":{"line":4,"column":17956},"end":{"line":4,"column":17964}},"365":{"start":{"line":4,"column":18053},"end":{"line":4,"column":18467}},"366":{"start":{"line":4,"column":18066},"end":{"line":4,"column":18080}},"367":{"start":{"line":4,"column":18080},"end":{"line":4,"column":18466}},"368":{"start":{"line":4,"column":18273},"end":{"line":4,"column":18281}},"369":{"start":{"line":4,"column":18381},"end":{"line":4,"column":18415}},"370":{"start":{"line":4,"column":18467},"end":{"line":4,"column":19560}},"371":{"start":{"line":4,"column":18480},"end":{"line":4,"column":18500}},"372":{"start":{"line":4,"column":18500},"end":{"line":4,"column":18595}},"373":{"start":{"line":4,"column":18548},"end":{"line":4,"column":18583}},"374":{"start":{"line":4,"column":18567},"end":{"line":4,"column":18583}},"375":{"start":{"line":4,"column":18588},"end":{"line":4,"column":18595}},"376":{"start":{"line":4,"column":18595},"end":{"line":4,"column":19411}},"377":{"start":{"line":4,"column":18966},"end":{"line":4,"column":19055}},"378":{"start":{"line":4,"column":19008},"end":{"line":4,"column":19043}},"379":{"start":{"line":4,"column":19027},"end":{"line":4,"column":19043}},"380":{"start":{"line":4,"column":19048},"end":{"line":4,"column":19055}},"381":{"start":{"line":4,"column":19055},"end":{"line":4,"column":19410}},"382":{"start":{"line":4,"column":19322},"end":{"line":4,"column":19353}},"383":{"start":{"line":4,"column":19411},"end":{"line":4,"column":19559}},"384":{"start":{"line":4,"column":19449},"end":{"line":4,"column":19475}},"385":{"start":{"line":4,"column":19560},"end":{"line":4,"column":20534}},"386":{"start":{"line":4,"column":19573},"end":{"line":4,"column":19595}},"387":{"start":{"line":4,"column":19595},"end":{"line":4,"column":20385}},"388":{"start":{"line":4,"column":20000},"end":{"line":4,"column":20385}},"389":{"start":{"line":4,"column":20296},"end":{"line":4,"column":20327}},"390":{"start":{"line":4,"column":20385},"end":{"line":4,"column":20533}},"391":{"start":{"line":4,"column":20423},"end":{"line":4,"column":20449}},"392":{"start":{"line":4,"column":20534},"end":{"line":4,"column":20913}},"393":{"start":{"line":4,"column":20547},"end":{"line":4,"column":20563}},"394":{"start":{"line":4,"column":20563},"end":{"line":4,"column":20912}},"395":{"start":{"line":4,"column":20763},"end":{"line":4,"column":20817}},"396":{"start":{"line":4,"column":20913},"end":{"line":4,"column":21934}},"397":{"start":{"line":4,"column":20926},"end":{"line":4,"column":20954}},"398":{"start":{"line":4,"column":20954},"end":{"line":4,"column":21714}},"399":{"start":{"line":4,"column":20990},"end":{"line":4,"column":21695}},"400":{"start":{"line":4,"column":21151},"end":{"line":4,"column":21192}},"401":{"start":{"line":4,"column":21176},"end":{"line":4,"column":21192}},"402":{"start":{"line":4,"column":21192},"end":{"line":4,"column":21675}},"403":{"start":{"line":4,"column":21204},"end":{"line":4,"column":21657}},"404":{"start":{"line":4,"column":21251},"end":{"line":4,"column":21270}},"405":{"start":{"line":4,"column":21347},"end":{"line":4,"column":21638}},"406":{"start":{"line":4,"column":21365},"end":{"line":4,"column":21619}},"407":{"start":{"line":4,"column":21384},"end":{"line":4,"column":21425}},"408":{"start":{"line":4,"column":21409},"end":{"line":4,"column":21425}},"409":{"start":{"line":4,"column":21425},"end":{"line":4,"column":21599}},"410":{"start":{"line":4,"column":21605},"end":{"line":4,"column":21619}},"411":{"start":{"line":4,"column":21624},"end":{"line":4,"column":21638}},"412":{"start":{"line":4,"column":21643},"end":{"line":4,"column":21657}},"413":{"start":{"line":4,"column":21662},"end":{"line":4,"column":21675}},"414":{"start":{"line":4,"column":21681},"end":{"line":4,"column":21695}},"415":{"start":{"line":4,"column":21700},"end":{"line":4,"column":21714}},"416":{"start":{"line":4,"column":21714},"end":{"line":4,"column":21933}},"417":{"start":{"line":4,"column":21758},"end":{"line":4,"column":21784}},"418":{"start":{"line":4,"column":21784},"end":{"line":4,"column":21830}},"419":{"start":{"line":4,"column":21934},"end":{"line":4,"column":22636}},"420":{"start":{"line":4,"column":21947},"end":{"line":4,"column":21963}},"421":{"start":{"line":4,"column":21963},"end":{"line":4,"column":22485}},"422":{"start":{"line":4,"column":22234},"end":{"line":4,"column":22485}},"423":{"start":{"line":4,"column":22424},"end":{"line":4,"column":22432}},"424":{"start":{"line":4,"column":22485},"end":{"line":4,"column":22635}},"425":{"start":{"line":4,"column":22523},"end":{"line":4,"column":22550}},"426":{"start":{"line":4,"column":22636},"end":{"line":4,"column":23065}},"427":{"start":{"line":4,"column":22649},"end":{"line":4,"column":22665}},"428":{"start":{"line":4,"column":22665},"end":{"line":4,"column":23064}},"429":{"start":{"line":4,"column":22926},"end":{"line":4,"column":22976}},"430":{"start":{"line":4,"column":23065},"end":{"line":4,"column":23424}},"431":{"start":{"line":4,"column":23078},"end":{"line":4,"column":23086}},"432":{"start":{"line":4,"column":23086},"end":{"line":4,"column":23423}},"433":{"start":{"line":4,"column":23141},"end":{"line":4,"column":23166}},"434":{"start":{"line":4,"column":23166},"end":{"line":4,"column":23196}},"435":{"start":{"line":4,"column":23301},"end":{"line":4,"column":23317}},"436":{"start":{"line":4,"column":23317},"end":{"line":4,"column":23334}},"437":{"start":{"line":4,"column":23424},"end":{"line":4,"column":23622}},"438":{"start":{"line":4,"column":23437},"end":{"line":4,"column":23445}},"439":{"start":{"line":4,"column":23445},"end":{"line":4,"column":23621}},"440":{"start":{"line":4,"column":23518},"end":{"line":4,"column":23537}},"441":{"start":{"line":4,"column":23622},"end":{"line":4,"column":24073}},"442":{"start":{"line":4,"column":23635},"end":{"line":4,"column":23651}},"443":{"start":{"line":4,"column":23651},"end":{"line":4,"column":23906}},"444":{"start":{"line":4,"column":23687},"end":{"line":4,"column":23887}},"445":{"start":{"line":4,"column":23768},"end":{"line":4,"column":23833}},"446":{"start":{"line":4,"column":23786},"end":{"line":4,"column":23821}},"447":{"start":{"line":4,"column":23805},"end":{"line":4,"column":23821}},"448":{"start":{"line":4,"column":23826},"end":{"line":4,"column":23833}},"449":{"start":{"line":4,"column":23833},"end":{"line":4,"column":23867}},"450":{"start":{"line":4,"column":23873},"end":{"line":4,"column":23887}},"451":{"start":{"line":4,"column":23892},"end":{"line":4,"column":23906}},"452":{"start":{"line":4,"column":23906},"end":{"line":4,"column":24072}},"453":{"start":{"line":4,"column":23946},"end":{"line":4,"column":23981}},"454":{"start":{"line":4,"column":24073},"end":{"line":4,"column":24496}},"455":{"start":{"line":4,"column":24086},"end":{"line":4,"column":24096}},"456":{"start":{"line":4,"column":24096},"end":{"line":4,"column":24342}},"457":{"start":{"line":4,"column":24210},"end":{"line":4,"column":24330}},"458":{"start":{"line":4,"column":24229},"end":{"line":4,"column":24330}},"459":{"start":{"line":4,"column":24335},"end":{"line":4,"column":24342}},"460":{"start":{"line":4,"column":24342},"end":{"line":4,"column":24495}},"461":{"start":{"line":4,"column":24380},"end":{"line":4,"column":24410}},"462":{"start":{"line":4,"column":24496},"end":{"line":4,"column":25387}},"463":{"start":{"line":4,"column":24509},"end":{"line":4,"column":24523}},"464":{"start":{"line":4,"column":24523},"end":{"line":4,"column":24729}},"465":{"start":{"line":4,"column":24576},"end":{"line":4,"column":24677}},"466":{"start":{"line":4,"column":24612},"end":{"line":4,"column":24665}},"467":{"start":{"line":4,"column":24631},"end":{"line":4,"column":24665}},"468":{"start":{"line":4,"column":24670},"end":{"line":4,"column":24677}},"469":{"start":{"line":4,"column":24677},"end":{"line":4,"column":24709}},"470":{"start":{"line":4,"column":24715},"end":{"line":4,"column":24729}},"471":{"start":{"line":4,"column":24729},"end":{"line":4,"column":25347}},"472":{"start":{"line":4,"column":24765},"end":{"line":4,"column":24874}},"473":{"start":{"line":4,"column":24942},"end":{"line":4,"column":25166}},"474":{"start":{"line":4,"column":25037},"end":{"line":4,"column":25114}},"475":{"start":{"line":4,"column":25080},"end":{"line":4,"column":25114}},"476":{"start":{"line":4,"column":25114},"end":{"line":4,"column":25146}},"477":{"start":{"line":4,"column":25152},"end":{"line":4,"column":25166}},"478":{"start":{"line":4,"column":25166},"end":{"line":4,"column":25346}},"479":{"start":{"line":4,"column":25197},"end":{"line":4,"column":25294}},"480":{"start":{"line":4,"column":25347},"end":{"line":4,"column":25386}},"481":{"start":{"line":4,"column":25387},"end":{"line":4,"column":26000}},"482":{"start":{"line":4,"column":25400},"end":{"line":4,"column":25414}},"483":{"start":{"line":4,"column":25414},"end":{"line":4,"column":25851}},"484":{"start":{"line":4,"column":25546},"end":{"line":4,"column":25799}},"485":{"start":{"line":4,"column":25677},"end":{"line":4,"column":25799}},"486":{"start":{"line":4,"column":25799},"end":{"line":4,"column":25831}},"487":{"start":{"line":4,"column":25837},"end":{"line":4,"column":25851}},"488":{"start":{"line":4,"column":25851},"end":{"line":4,"column":25999}},"489":{"start":{"line":4,"column":25891},"end":{"line":4,"column":25910}},"490":{"start":{"line":4,"column":26000},"end":{"line":4,"column":26864}},"491":{"start":{"line":4,"column":26013},"end":{"line":4,"column":26033}},"492":{"start":{"line":4,"column":26033},"end":{"line":4,"column":26529}},"493":{"start":{"line":4,"column":26084},"end":{"line":4,"column":26326}},"494":{"start":{"line":4,"column":26194},"end":{"line":4,"column":26314}},"495":{"start":{"line":4,"column":26213},"end":{"line":4,"column":26314}},"496":{"start":{"line":4,"column":26319},"end":{"line":4,"column":26326}},"497":{"start":{"line":4,"column":26326},"end":{"line":4,"column":26509}},"498":{"start":{"line":4,"column":26357},"end":{"line":4,"column":26374}},"499":{"start":{"line":4,"column":26515},"end":{"line":4,"column":26529}},"500":{"start":{"line":4,"column":26529},"end":{"line":4,"column":26863}},"501":{"start":{"line":4,"column":26567},"end":{"line":4,"column":26575}},"502":{"start":{"line":4,"column":26743},"end":{"line":4,"column":26772}},"503":{"start":{"line":4,"column":26864},"end":{"line":4,"column":27687}},"504":{"start":{"line":4,"column":26877},"end":{"line":4,"column":26895}},"505":{"start":{"line":4,"column":26895},"end":{"line":4,"column":27446}},"506":{"start":{"line":4,"column":27095},"end":{"line":4,"column":27103}},"507":{"start":{"line":4,"column":27165},"end":{"line":4,"column":27434}},"508":{"start":{"line":4,"column":27184},"end":{"line":4,"column":27434}},"509":{"start":{"line":4,"column":27373},"end":{"line":4,"column":27381}},"510":{"start":{"line":4,"column":27439},"end":{"line":4,"column":27446}},"511":{"start":{"line":4,"column":27446},"end":{"line":4,"column":27686}},"512":{"start":{"line":4,"column":27568},"end":{"line":4,"column":27590}},"513":{"start":{"line":4,"column":27687},"end":{"line":4,"column":28962}},"514":{"start":{"line":4,"column":27700},"end":{"line":4,"column":27714}},"515":{"start":{"line":4,"column":27714},"end":{"line":4,"column":28920}},"516":{"start":{"line":4,"column":27964},"end":{"line":4,"column":28015}},"517":{"start":{"line":4,"column":28354},"end":{"line":4,"column":28404}},"518":{"start":{"line":4,"column":28468},"end":{"line":4,"column":28781}},"519":{"start":{"line":4,"column":28565},"end":{"line":4,"column":28630}},"520":{"start":{"line":4,"column":28583},"end":{"line":4,"column":28618}},"521":{"start":{"line":4,"column":28602},"end":{"line":4,"column":28618}},"522":{"start":{"line":4,"column":28623},"end":{"line":4,"column":28630}},"523":{"start":{"line":4,"column":28630},"end":{"line":4,"column":28761}},"524":{"start":{"line":4,"column":28767},"end":{"line":4,"column":28781}},"525":{"start":{"line":4,"column":28781},"end":{"line":4,"column":28919}},"526":{"start":{"line":4,"column":28812},"end":{"line":4,"column":28867}},"527":{"start":{"line":4,"column":28920},"end":{"line":4,"column":28961}},"528":{"start":{"line":4,"column":28962},"end":{"line":4,"column":29140}},"529":{"start":{"line":4,"column":28975},"end":{"line":4,"column":28983}},"530":{"start":{"line":4,"column":28983},"end":{"line":4,"column":29139}},"531":{"start":{"line":4,"column":29068},"end":{"line":4,"column":29086}},"532":{"start":{"line":4,"column":29140},"end":{"line":4,"column":30630}},"533":{"start":{"line":4,"column":29153},"end":{"line":4,"column":29175}},"534":{"start":{"line":4,"column":29175},"end":{"line":4,"column":29305}},"535":{"start":{"line":4,"column":29212},"end":{"line":4,"column":29253}},"536":{"start":{"line":4,"column":29237},"end":{"line":4,"column":29253}},"537":{"start":{"line":4,"column":29253},"end":{"line":4,"column":29285}},"538":{"start":{"line":4,"column":29291},"end":{"line":4,"column":29305}},"539":{"start":{"line":4,"column":29305},"end":{"line":4,"column":30588}},"540":{"start":{"line":4,"column":29341},"end":{"line":4,"column":29401}},"541":{"start":{"line":4,"column":29469},"end":{"line":4,"column":30449}},"542":{"start":{"line":4,"column":29878},"end":{"line":4,"column":29886}},"543":{"start":{"line":4,"column":29948},"end":{"line":4,"column":30437}},"544":{"start":{"line":4,"column":29967},"end":{"line":4,"column":30437}},"545":{"start":{"line":4,"column":30376},"end":{"line":4,"column":30384}},"546":{"start":{"line":4,"column":30442},"end":{"line":4,"column":30449}},"547":{"start":{"line":4,"column":30449},"end":{"line":4,"column":30587}},"548":{"start":{"line":4,"column":30480},"end":{"line":4,"column":30538}},"549":{"start":{"line":4,"column":30588},"end":{"line":4,"column":30629}},"550":{"start":{"line":4,"column":30630},"end":{"line":4,"column":31514}},"551":{"start":{"line":4,"column":30643},"end":{"line":4,"column":30661}},"552":{"start":{"line":4,"column":30661},"end":{"line":4,"column":31373}},"553":{"start":{"line":4,"column":30938},"end":{"line":4,"column":30946}},"554":{"start":{"line":4,"column":31008},"end":{"line":4,"column":31361}},"555":{"start":{"line":4,"column":31027},"end":{"line":4,"column":31361}},"556":{"start":{"line":4,"column":31300},"end":{"line":4,"column":31308}},"557":{"start":{"line":4,"column":31366},"end":{"line":4,"column":31373}},"558":{"start":{"line":4,"column":31373},"end":{"line":4,"column":31513}},"559":{"start":{"line":4,"column":31411},"end":{"line":4,"column":31428}},"560":{"start":{"line":4,"column":31514},"end":{"line":4,"column":31709}},"561":{"start":{"line":4,"column":31527},"end":{"line":4,"column":31535}},"562":{"start":{"line":4,"column":31535},"end":{"line":4,"column":31708}},"563":{"start":{"line":4,"column":31650},"end":{"line":4,"column":31659}},"564":{"start":{"line":4,"column":31709},"end":{"line":5,"column":774}},"565":{"start":{"line":4,"column":31722},"end":{"line":4,"column":31744}},"566":{"start":{"line":4,"column":31744},"end":{"line":5,"column":588}},"567":{"start":{"line":4,"column":31845},"end":{"line":5,"column":437}},"568":{"start":{"line":5,"column":63},"end":{"line":5,"column":437}},"569":{"start":{"line":5,"column":376},"end":{"line":5,"column":384}},"570":{"start":{"line":5,"column":437},"end":{"line":5,"column":568}},"571":{"start":{"line":5,"column":574},"end":{"line":5,"column":588}},"572":{"start":{"line":5,"column":588},"end":{"line":5,"column":773}},"573":{"start":{"line":5,"column":626},"end":{"line":5,"column":685}},"574":{"start":{"line":5,"column":774},"end":{"line":5,"column":1938}},"575":{"start":{"line":5,"column":7
[...]
":30292}}]},"420":{"line":4,"type":"binary-expr","locations":[{"start":{"line":4,"column":30345},"end":{"line":4,"column":30353}},{"start":{"line":4,"column":30356},"end":{"line":4,"column":30416}}]},"421":{"line":4,"type":"binary-expr","locations":[{"start":{"line":4,"column":30418},"end":{"line":4,"column":30426}},{"start":{"line":4,"column":30429},"end":{"line":4,"column":30435}}]},"422":{"line":4,"type":"binary-expr","locations":[{"start":{"line":4,"column":30449},"end":{"line":4,"column":30457}},{"start":{"line":4,"column":30460},"end":{"line":4,"column":30567}}]},"423":{"line":4,"type":"binary-expr","locations":[{"start":{"line":4,"column":30569},"end":{"line":4,"column":30577}},{"start":{"line":4,"column":30580},"end":{"line":4,"column":30586}}]},"424":{"line":4,"type":"binary-expr","locations":[{"start":{"line":4,"column":30599},"end":{"line":4,"column":30604}},{"start":{"line":4,"column":30606},"end":{"line":4,"column":30614}},{"start":{"line":4,"column":30616},"end":{"line":4,"column":30627}}]},"425":{"line":4,"type":"if","locations":[{"start":{"line":4,"column":30661},"end":{"line":4,"column":30661}},{"start":{"line":4,"column":30661},"end":{"line":4,"column":30661}}]},"426":{"line":4,"type":"cond-expr","locations":[{"start":{"line":4,"column":30719},"end":{"line":4,"column":30723}},{"start":{"line":4,"column":30725},"end":{"line":4,"column":30738}}]},"427":{"line":4,"type":"cond-expr","locations":[{"start":{"line":4,"column":30750},"end":{"line":4,"column":30889}},{"start":{"line":4,"column":30892},"end":{"line":4,"column":30905}}]},"428":{"line":4,"type":"binary-expr","locations":[{"start":{"line":4,"column":30756},"end":{"line":4,"column":30764}},{"start":{"line":4,"column":30767},"end":{"line":4,"column":30855}}]},"429":{"line":4,"type":"cond-expr","locations":[{"start":{"line":4,"column":30801},"end":{"line":4,"column":30828}},{"start":{"line":4,"column":30831},"end":{"line":4,"column":30854}}]},"430":{"line":4,"type":"binary-expr","locations":[{"start":{"line":4,"column":30838},"end":{"line":4,"column":30843}},{"start":{"line":4,"column":30845},"end":{"line":4,"column":30854}}]},"431":{"line":4,"type":"cond-expr","locations":[{"start":{"line":4,"column":30866},"end":{"line":4,"column":30873}},{"start":{"line":4,"column":30875},"end":{"line":4,"column":30888}}]},"432":{"line":4,"type":"binary-expr","locations":[{"start":{"line":4,"column":30907},"end":{"line":4,"column":30915}},{"start":{"line":4,"column":30918},"end":{"line":4,"column":30978}}]},"433":{"line":4,"type":"binary-expr","locations":[{"start":{"line":4,"column":30980},"end":{"line":4,"column":30988}},{"start":{"line":4,"column":30991},"end":{"line":4,"column":30997}}]},"434":{"line":4,"type":"cond-expr","locations":[{"start":{"line":4,"column":31081},"end":{"line":4,"column":31085}},{"start":{"line":4,"column":31087},"end":{"line":4,"column":31100}}]},"435":{"line":4,"type":"cond-expr","locations":[{"start":{"line":4,"column":31112},"end":{"line":4,"column":31251}},{"start":{"line":4,"column":31254},"end":{"line":4,"column":31267}}]},"436":{"line":4,"type":"binary-expr","locations":[{"start":{"line":4,"column":31118},"end":{"line":4,"column":31126}},{"start":{"line":4,"column":31129},"end":{"line":4,"column":31217}}]},"437":{"line":4,"type":"cond-expr","locations":[{"start":{"line":4,"column":31163},"end":{"line":4,"column":31190}},{"start":{"line":4,"column":31193},"end":{"line":4,"column":31216}}]},"438":{"line":4,"type":"binary-expr","locations":[{"start":{"line":4,"column":31200},"end":{"line":4,"column":31205}},{"start":{"line":4,"column":31207},"end":{"line":4,"column":31216}}]},"439":{"line":4,"type":"cond-expr","locations":[{"start":{"line":4,"column":31228},"end":{"line":4,"column":31235}},{"start":{"line":4,"column":31237},"end":{"line":4,"column":31250}}]},"440":{"line":4,"type":"binary-expr","locations":[{"start":{"line":4,"column":31269},"end":{"line":4,"column":31277}},{"start":{"line":4,"column":31280},"end":{"line":4,"column":31340}}]},"441":{"line":4,"type":"binary-expr","locations":[{"start":{"line":4,"column":31342},"end":{"line":4,"column":31350}},{"start":{"line":4,"column":31353},"end":{"line":4,"column":31359}}]},"442":{"line":4,"type":"binary-expr","locations":[{"start":{"line":4,"column":31380},"end":{"line":4,"column":31388}},{"start":{"line":4,"column":31391},"end":{"line":4,"column":31457}}]},"443":{"line":4,"type":"binary-expr","locations":[{"start":{"line":4,"column":31459},"end":{"line":4,"column":31467}},{"start":{"line":4,"column":31470},"end":{"line":4,"column":31476}}]},"444":{"line":4,"type":"binary-expr","locations":[{"start":{"line":4,"column":31482},"end":{"line":4,"column":31487}},{"start":{"line":4,"column":31489},"end":{"line":4,"column":31497}},{"start":{"line":4,"column":31499},"end":{"line":4,"column":31511}}]},"445":{"line":4,"type":"cond-expr","locations":[{"start":{"line":4,"column":31579},"end":{"line":4,"column":31593}},{"start":{"line":4,"column":31596},"end":{"line":4,"column":31624}}]},"446":{"line":4,"type":"binary-expr","locations":[{"start":{"line":4,"column":31603},"end":{"line":4,"column":31608}},{"start":{"line":4,"column":31610},"end":{"line":4,"column":31624}}]},"447":{"line":4,"type":"binary-expr","locations":[{"start":{"line":4,"column":31626},"end":{"line":4,"column":31634}},{"start":{"line":4,"column":31637},"end":{"line":4,"column":31686}}]},"448":{"line":4,"type":"binary-expr","locations":[{"start":{"line":4,"column":31688},"end":{"line":4,"column":31696}},{"start":{"line":4,"column":31699},"end":{"line":4,"column":31705}}]},"449":{"line":4,"type":"if","locations":[{"start":{"line":4,"column":31744},"end":{"line":4,"column":31744}},{"start":{"line":4,"column":31744},"end":{"line":4,"column":31744}}]},"450":{"line":4,"type":"cond-expr","locations":[{"start":{"line":4,"column":31794},"end":{"line":4,"column":31807}},{"start":{"line":4,"column":31810},"end":{"line":4,"column":31833}}]},"451":{"line":4,"type":"binary-expr","locations":[{"start":{"line":4,"column":31817},"end":{"line":4,"column":31822}},{"start":{"line":4,"column":31824},"end":{"line":4,"column":31833}}]},"452":{"line":5,"type":"cond-expr","locations":[{"start":{"line":5,"column":127},"end":{"line":5,"column":140}},{"start":{"line":5,"column":143},"end":{"line":5,"column":166}}]},"453":{"line":5,"type":"binary-expr","locations":[{"start":{"line":5,"column":150},"end":{"line":5,"column":155}},{"start":{"line":5,"column":157},"end":{"line":5,"column":166}}]},"454":{"line":5,"type":"cond-expr","locations":[{"start":{"line":5,"column":181},"end":{"line":5,"column":185}},{"start":{"line":5,"column":187},"end":{"line":5,"column":200}}]},"455":{"line":5,"type":"cond-expr","locations":[{"start":{"line":5,"column":212},"end":{"line":5,"column":327}},{"start":{"line":5,"column":330},"end":{"line":5,"column":343}}]},"456":{"line":5,"type":"cond-expr","locations":[{"start":{"line":5,"column":231},"end":{"line":5,"column":258}},{"start":{"line":5,"column":261},"end":{"line":5,"column":293}}]},"457":{"line":5,"type":"binary-expr","locations":[{"start":{"line":5,"column":268},"end":{"line":5,"column":273}},{"start":{"line":5,"column":275},"end":{"line":5,"column":293}}]},"458":{"line":5,"type":"cond-expr","locations":[{"start":{"line":5,"column":304},"end":{"line":5,"column":311}},{"start":{"line":5,"column":313},"end":{"line":5,"column":326}}]},"459":{"line":5,"type":"binary-expr","locations":[{"start":{"line":5,"column":345},"end":{"line":5,"column":353}},{"start":{"line":5,"column":356},"end":{"line":5,"column":416}}]},"460":{"line":5,"type":"binary-expr","locations":[{"start":{"line":5,"column":418},"end":{"line":5,"column":426}},{"start":{"line":5,"column":429},"end":{"line":5,"column":435}}]},"461":{"line":5,"type":"cond-expr","locations":[{"start":{"line":5,"column":447},"end":{"line":5,"column":551}},{"start":{"line":5,"column":554},"end":{"line":5,"column":567}}]},"462":{"line":5,"type":"cond-expr","locations":[{"start":{"line":5,"column":476},"end":{"line":5,"column":489}},{"start":{"line":5,"column":492},"end":{"line":5,"column":515}}]},"463":{"line":5,"type":"binary-expr","locations":[{"start":{"line":5,"column":499},"end":{"line":5,"column":504}},{"start":{"line":5,"column":506},"end":{"line":5,"column":515}}]},"464":{"line":5,"type":"cond-expr","locations":[{"start":{"line":5,"column":526},"end":{"line":5,"column":535}},{"start":{"line":5,"column":537},"end":{"line":5,"column":550}}]},"465":{"line":5,"type":"binary-expr","locations":[{"start":{"line":5,"column":595},"end":{"line":5,"column":603}},{"start":{"line":5,"column":606},"end":{"line":5,"column":717}}]},"466":{"line":5,"type":"binary-expr","locations":[{"start":{"line":5,"column":719},"end":{"line":5,"column":727}},{"start":{"line":5,"column":730},"end":{"line":5,"column":736}}]},"467":{"line":5,"type":"binary-expr","locations":[{"start":{"line":5,"column":742},"end":{"line":5,"column":747}},{"start":{"line":5,"column":749},"end":{"line":5,"column":757}},{"start":{"line":5,"column":759},"end":{"line":5,"column":771}}]},"468":{"line":5,"type":"if","locations":[{"start":{"line":5,"column":813},"end":{"line":5,"column":813}},{"start":{"line":5,"column":813},"end":{"line":5,"column":813}}]},"469":{"line":5,"type":"if","locations":[{"start":{"line":5,"column":880},"end":{"line":5,"column":880}},{"start":{"line":5,"column":880},"end":{"line":5,"column":880}}]},"470":{"line":5,"type":"if","locations":[{"start":{"line":5,"column":892},"end":{"line":5,"column":892}},{"start":{"line":5,"column":892},"end":{"line":5,"column":892}}]},"471":{"line":5,"type":"cond-expr","locations":[{"start":{"line":5,"column":940},"end":{"line":5,"column":967}},{"start":{"line":5,"column":970},"end":{"line":5,"column":1005}}]},"472":{"line":5,"type":"binary-expr","locations":[{"start":{"line":5,"column":977},"end":{"line":5,"column":982}},{"start":{"line":5,"column":984},"end":{"line":5,"column":1005}}]},"473":{"line":5,"type":"if","locations":[{"start":{"line":5,"column":1058},"end":{"line":5,"column":1058}},{"start":{"line":5,"column":1058},"end":{"line":5,"column":1058}}]},"474":{"line":5,"type":"if","locations":[{"start":{"line":5,"column":1071},"end":{"line":5,"column":1071}},{"start":{"line":5,"column":1071},"end":{"line":5,"column":1071}}]},"475":{"line":5,"type":"cond-expr","locations":[{"start":{"line":5,"column":1111},"end":{"line":5,"column":1115}},{"start":{"line":5,"column":1117},"end":{"line":5,"column":1130}}]},"476":{"line":5,"type":"cond-expr","locations":[{"start":{"line":5,"column":1142},"end":{"line":5,"column":1337}},{"start":{"line":5,"column":1340},"end":{"line":5,"column":1353}}]},"477":{"line":5,"type":"cond-expr","locations":[{"start":{"line":5,"column":1172},"end":{"line":5,"column":1176}},{"start":{"line":5,"column":1178},"end":{"line":5,"column":1191}}]},"478":{"line":5,"type":"cond-expr","locations":[{"start":{"line":5,"column":1203},"end":{"line":5,"column":1320}},{"start":{"line":5,"column":1323},"end":{"line":5,"column":1336}}]},"479":{"line":5,"type":"cond-expr","locations":[{"start":{"line":5,"column":1222},"end":{"line":5,"column":1249}},{"start":{"line":5,"column":1252},"end":{"line":5,"column":1284}}]},"480":{"line":5,"type":"binary-expr","locations":[{"start":{"line":5,"column":1259},"end":{"line":5,"column":1264}},{"start":{"line":5,"column":1266},"end":{"line":5,"column":1284}}]},"481":{"line":5,"type":"cond-expr","locations":[{"start":{"line":5,"column":1295},"end":{"line":5,"column":1304}},{"start":{"line":5,"column":1306},"end":{"line":5,"column":1319}}]},"482":{"line":5,"type":"cond-expr","locations":[{"start":{"line":5,"column":1430},"end":{"line":5,"column":1434}},{"start":{"line":5,"column":1436},"end":{"line":5,"column":1449}}]},"483":{"line":5,"type":"cond-expr","locations":[{"start":{"line":5,"column":1461},"end":{"line":5,"column":1656}},{"start":{"line":5,"column":1659},"end":{"line":5,"column":1672}}]},"484":{"line":5,"type":"cond-expr","locations":[{"start":{"line":5,"column":1491},"end":{"line":5,"column":1495}},{"start":{"line":5,"column":1497},"end":{"line":5,"column":1510}}]},"485":{"line":5,"type":"cond-expr","locations":[{"start":{"line":5,"column":1522},"end":{"line":5,"column":1639}},{"start":{"line":5,"column":1642},"end":{"line":5,"column":1655}}]},"486":{"line":5,"type":"cond-expr","locations":[{"start":{"line":5,"column":1541},"end":{"line":5,"column":1568}},{"start":{"line":5,"column":1571},"end":{"line":5,"column":1603}}]},"487":{"line":5,"type":"binary-expr","locations":[{"start":{"line":5,"column":1578},"end":{"line":5,"column":1583}},{"start":{"line":5,"column":1585},"end":{"line":5,"column":1603}}]},"488":{"line":5,"type":"cond-expr","locations":[{"start":{"line":5,"column":1614},"end":{"line":5,"column":1623}},{"start":{"line":5,"column":1625},"end":{"line":5,"column":1638}}]},"489":{"line":5,"type":"if","locations":[{"start":{"line":5,"column":1686},"end":{"line":5,"column":1686}},{"start":{"line":5,"column":1686},"end":{"line":5,"column":1686}}]},"490":{"line":5,"type":"cond-expr","locations":[{"start":{"line":5,"column":1750},"end":{"line":5,"column":1798}},{"start":{"line":5,"column":1801},"end":{"line":5,"column":1814}}]},"491":{"line":5,"type":"cond-expr","locations":[{"start":{"line":5,"column":1765},"end":{"line":5,"column":1782}},{"start":{"line":5,"column":1784},"end":{"line":5,"column":1797}}]},"492":{"line":5,"type":"binary-expr","locations":[{"start":{"line":5,"column":1918},"end":{"line":5,"column":1926}},{"start":{"line":5,"column":1929},"end":{"line":5,"column":1934}}]},"493":{"line":5,"type":"cond-expr","locations":[{"start":{"line":5,"column":1994},"end":{"line":5,"column":2006}},{"start":{"line":5,"column":2009},"end":{"line":5,"column":2031}}]},"494":{"line":5,"type":"binary-expr","locations":[{"start":{"line":5,"column":2016},"end":{"line":5,"column":2021}},{"start":{"line":5,"column":2023},"end":{"line":5,"column":2031}}]},"495":{"line":5,"type":"cond-expr","locations":[{"start":{"line":5,"column":2091},"end":{"line":5,"column":2103}},{"start":{"line":5,"column":2106},"end":{"line":5,"column":2128}}]},"496":{"line":5,"type":"binary-expr","locations":[{"start":{"line":5,"column":2113},"end":{"line":5,"column":2118}},{"start":{"line":5,"column":2120},"end":{"line":5,"column":2128}}]},"497":{"line":5,"type":"cond-expr","locations":[{"start":{"line":5,"column":2187},"end":{"line":5,"column":2199}},{"start":{"line":5,"column":2202},"end":{"line":5,"column":2224}}]},"498":{"line":5,"type":"binary-expr","locations":[{"start":{"line":5,"column":2209},"end":{"line":5,"column":2214}},{"start":{"line":5,"column":2216},"end":{"line":5,"column":2224}}]},"499":{"line":5,"type":"cond-expr","locations":[{"start":{"line":5,"column":2283},"end":{"line":5,"column":2295}},{"start":{"line":5,"column":2298},"end":{"line":5,"column":2320}}]},"500":{"line":5,"type":"binary-expr","locations":[{"start":{"line":5,"column":2305},"end":{"line":5,"column":2310}},{"start":{"line":5,"column":2312},"end":{"line":5,"column":2320}}]},"501":{"line":5,"type":"cond-expr","locations":[{"start":{"line":5,"column":2379},"end":{"line":5,"column":2392}},{"start":{"line":5,"column":2395},"end":{"line":5,"column":2419}}]},"502":{"line":5,"type":"binary-expr","locations":[{"start":{"line":5,"column":2402},"end":{"line":5,"column":2407}},{"start":{"line":5,"column":2409},"end":{"line":5,"column":2419}}]},"503":{"line":5,"type":"binary-expr","locations":[{"start":{"line":5,"column":2421},"end":{"line":5,"column":2429}},{"start":{"line":5,"column":2432},"end":{"line":5,"column":2778}}]},"504":{"line":5,"type":"cond-expr","locations":[{"start":{"line":5,"column":2463},"end":{"line":5,"column":2478}},{"start":{"line":5,"column":2481},"end":{"line":5,"column":2508}}]},"505":{"line":5,"type":"binary-expr","locations":[{"start":{"line":5,"column":2488},"end":{"line":5,"column":2493}},{"start":{"line":5,"column":2495},"end":{"line":5,"column":2508}}]},"506":{"line":5,"type":"binary-expr","locations":[{"start":{"line":5,"column":2510},"end":{"line":5,"column":2518}},{"start":{"line":5,"column":2521},"end":{"line":5,"column":2777}}]},"507":{"line":5,"type":"cond-expr","locations":[{"start":{"line":5,"column":2550},"end":{"line":5,"column":2563}},{"start":{"line":5,"column":2566},"end":{"line":5,"column":2590}}]},"508":{"line":5,"type":"binary-expr","locations":[{"start":{"line":5,"column":2573},"end":{"line":5,"column":2578}},{"start":{"line":5,"column":2580},"end":{"line":5,"column":2590}}]},"509":{"line":5,"type":"binary-expr","locations":[{"start":{"line":5,"column":2592},"end":{"line":5,"column":2600}},{"start":{"line":5,"column":2603},"end":{"line":5,"column":2776}}]},"510":{"line":5,"type":"cond-expr","locations":[{"start":{"line":5,"column":2634},"end":{"line":5,"column":2651}},{"start":{"line":5,"column":2654},"end":{"line":5,"column":2682}}]},"511":{"line":5,"type":"binary-expr","locations":[{"start":{"line":5,"column":2661},"end":{"line":5,"column":2666}},{"start":{"line":5,"column":2668},"end":{"line":5,"column":2682}}]},"512":{"line":5,"type":"binary-expr","locations":[{"start":{"line":5,"column":2684},"end":{"line":5,"column":2692}},{"start":{"line":5,"column":2695},"end":{"line":5,"column":2775}}]},"513":{"line":5,"type":"cond-expr","locations":[{"start":{"line":5,"column":2726},"end":{"line":5,"column":2743}},{"start":{"line":5,"column":2746},"end":{"line":5,"column":2774}}]},"514":{"line":5,"type":"binary-expr","locations":[{"start":{"line":5,"column":2753},"end":{"line":5,"column":2758}},{"start":{"line":5,"column":2760},"end":{"line":5,"column":2774}}]},"515":{"line":5,"type":"cond-expr","locations":[{"start":{"line":5,"column":2858},"end":{"line":5,"column":2885}},{"start":{"line":5,"column":2888},"end":{"line":5,"column":2933}}]},"516":{"line":5,"type":"binary-expr","locations":[{"start":{"line":5,"column":2895},"end":{"line":5,"column":2900}},{"start":{"line":5,"column":2902},"end":{"line":5,"column":2933}}]},"517":{"line":5,"type":"binary-expr","locations":[{"start":{"line":5,"column":2935},"end":{"line":5,"column":2943}},{"start":{"line":5,"column":2946},"end":{"line":5,"column":2951}}]},"518":{"line":5,"type":"binary-expr","locations":[{"start":{"line":5,"column":3017},"end":{"line":5,"column":3025}},{"start":{"line":5,"column":3028},"end":{"line":5,"column":3047}}]},"519":{"line":5,"type":"if","locations":[{"start":{"line":5,"column":3357},"end":{"line":5,"column":3357}},{"start":{"line":5,"column":3357},"end":{"line":5,"column":3357}}]},"520":{"line":5,"type":"if","locations":[{"start":{"line":5,"column":3372},"end":{"line":5,"column":3372}},{"start":{"line":5,"column":3372},"end":{"line":5,"column":3372}}]},"521":{"line":5,"type":"if","locations":[{"start":{"line":5,"column":3551},"end":{"line":5,"column":3551}},{"start":{"line":5,"column":3551},"end":{"line":5,"column":3551}}]},"522":{"line":5,"type":"binary-expr","locations":[{"start":{"line":5,"column":3554},"end":{"line":5,"column":3562}},{"start":{"line":5,"column":3564},"end":{"line":5,"column":3583}}]},"523":{"line":5,"type":"cond-expr","locations":[{"start":{"line":5,"column":3632},"end":{"line":5,"column":3643}},{"start":{"line":5,"column":3644},"end":{"line":5,"column":3648}}]},"524":{"line":5,"type":"cond-expr","locations":[{"start":{"line":5,"column":3669},"end":{"line":5,"column":3670}},{"start":{"line":5,"column":3671},"end":{"line":5,"column":3672}}]},"525":{"line":5,"type":"switch","locations":[{"start":{"line":5,"column":3857},"end":{"line":5,"column":3887}},{"start":{"line":5,"column":3887},"end":{"line":5,"column":3907}},{"start":{"line":5,"column":3907},"end":{"line":5,"column":3970}}]},"526":{"line":5,"type":"cond-expr","locations":[{"start":{"line":5,"column":3982},"end":{"line":5,"column":3986}},{"start":{"line":5,"column":3987},"end":{"line":5,"column":4001}}]},"527":{"line":5,"type":"cond-expr","locations":[{"start":{"line":5,"column":4243},"end":{"line":5,"column":4250}},{"start":{"line":5,"column":4251},"end":{"line":5,"column":4262}}]}}}}